#
# There is insufficient memory for the Java Runtime Environment to continue.
# Native memory allocation (malloc) failed to allocate 39264 bytes for Chunk::new
# Possible reasons:
#   The system is out of physical RAM or swap space
#   The process is running with CompressedOops enabled, and the Java Heap may be blocking the growth of the native heap
# Possible solutions:
#   Reduce memory load on the system
#   Increase physical memory or swap space
#   Check if swap backing store is full
#   Decrease Java heap size (-Xmx/-Xms)
#   Decrease number of Java threads
#   Decrease Java thread stack sizes (-Xss)
#   Set larger code cache with -XX:ReservedCodeCacheSize=
#   JVM is running with Unscaled Compressed Oops mode in which the Java heap is
#     placed in the first 4GB address space. The Java Heap base address is the
#     maximum limit for the native heap growth. Please use -XX:HeapBaseMinAddress
#     to set the Java Heap base and to place the Java Heap above 4GB virtual address.
# This output file may be truncated or incomplete.
#
#  Out of Memory Error (arena.cpp:184), pid=27724, tid=22272
#
# JRE version: Java(TM) SE Runtime Environment (18.0+36) (build 18+36-2087)
# Java VM: Java HotSpot(TM) 64-Bit Server VM (18+36-2087, mixed mode, sharing, tiered, compressed oops, compressed class ptrs, g1 gc, windows-amd64)
# No core dump will be written. Minidumps are not enabled by default on client versions of Windows
#

---------------  S U M M A R Y ------------

Command Line: -Dfile.encoding=UTF-8 -XX:+ShowCodeDetailsInExceptionMessages com.app.App

Host: 11th Gen Intel(R) Core(TM) i3-1115G4 @ 3.00GHz, 4 cores, 7G,  Windows 11 , 64 bit Build 22621 (10.0.22621.1485)
Time: Fri Apr 28 04:37:54 2023 India Standard Time elapsed time: 0.055082 seconds (0d 0h 0m 0s)

---------------  T H R E A D  ---------------

Current thread (0x0000018a1a9e0540):  JavaThread "C2 CompilerThread0" daemon [_thread_in_native, id=22272, stack(0x0000000101300000,0x0000000101400000)]


Current CompileTask:
C2:     55  127       4       java.lang.String::hashCode (60 bytes)

Stack: [0x0000000101300000,0x0000000101400000]
Native frames: (J=compiled Java code, j=interpreted, Vv=VM code, C=native code)
V  [jvm.dll+0x69804a]
V  [jvm.dll+0x7f308d]
V  [jvm.dll+0x7f499e]
V  [jvm.dll+0x7f5053]
V  [jvm.dll+0x25ca3f]
V  [jvm.dll+0xb8c2f]
V  [jvm.dll+0xb8fa5]
V  [jvm.dll+0x385a6b]
V  [jvm.dll+0x34f811]
V  [jvm.dll+0x34ecaa]
V  [jvm.dll+0x22fc21]
V  [jvm.dll+0x22eff1]
V  [jvm.dll+0x1b9cfc]
V  [jvm.dll+0x23e8ca]
V  [jvm.dll+0x23cbac]
V  [jvm.dll+0x7a5781]
V  [jvm.dll+0x79fbba]
V  [jvm.dll+0x696ef5]
C  [ucrtbase.dll+0x29363]
C  [KERNEL32.DLL+0x1269d]
C  [ntdll.dll+0x5a9f8]


---------------  P R O C E S S  ---------------

Threads class SMR info:
_java_thread_list=0x0000018a1ec7c3c0, length=12, elements={
0x0000018a7d16e090, 0x0000018a1a9be990, 0x0000018a1a9c0340, 0x0000018a1a9d8680,
0x0000018a1a9d9020, 0x0000018a1a9d99c0, 0x0000018a1a9da360, 0x0000018a1a9e0540,
0x0000018a1a9e8f30, 0x0000018a1a9ec870, 0x0000018a1ec9c110, 0x0000018a1ec9ea30
}

Java Threads: ( => current thread )
  0x0000018a7d16e090 JavaThread "main" [_thread_in_native, id=26688, stack(0x0000000100600000,0x0000000100700000)]
  0x0000018a1a9be990 JavaThread "Reference Handler" daemon [_thread_blocked, id=27808, stack(0x0000000100d00000,0x0000000100e00000)]
  0x0000018a1a9c0340 JavaThread "Finalizer" daemon [_thread_blocked, id=27812, stack(0x0000000100e00000,0x0000000100f00000)]
  0x0000018a1a9d8680 JavaThread "Signal Dispatcher" daemon [_thread_blocked, id=27816, stack(0x0000000100f00000,0x0000000101000000)]
  0x0000018a1a9d9020 JavaThread "Attach Listener" daemon [_thread_blocked, id=27820, stack(0x0000000101000000,0x0000000101100000)]
  0x0000018a1a9d99c0 JavaThread "Service Thread" daemon [_thread_blocked, id=27584, stack(0x0000000101100000,0x0000000101200000)]
  0x0000018a1a9da360 JavaThread "Monitor Deflation Thread" daemon [_thread_blocked, id=27044, stack(0x0000000101200000,0x0000000101300000)]
=>0x0000018a1a9e0540 JavaThread "C2 CompilerThread0" daemon [_thread_in_native, id=22272, stack(0x0000000101300000,0x0000000101400000)]
  0x0000018a1a9e8f30 JavaThread "C1 CompilerThread0" daemon [_thread_blocked, id=27056, stack(0x0000000101400000,0x0000000101500000)]
  0x0000018a1a9ec870 JavaThread "Sweeper thread" daemon [_thread_blocked, id=24760, stack(0x0000000101500000,0x0000000101600000)]
  0x0000018a1ec9c110 JavaThread "Notification Thread" daemon [_thread_blocked, id=27504, stack(0x0000000101600000,0x0000000101700000)]
  0x0000018a1ec9ea30 JavaThread "Common-Cleaner" daemon [_thread_blocked, id=8420, stack(0x0000000101800000,0x0000000101900000)]

Other Threads:
  0x0000018a7d1e7a00 VMThread "VM Thread" [stack: 0x0000000100c00000,0x0000000100d00000] [id=27804]
  0x0000018a1ec9de00 WatcherThread "VM Periodic Task Thread" [stack: 0x0000000101700000,0x0000000101800000] [id=26836]
  0x0000018a7d1cde50 WorkerThread "GC Thread#0" [stack: 0x0000000100700000,0x0000000100800000] [id=27756]
  0x0000018a7d1def00 ConcurrentGCThread "G1 Main Marker" [stack: 0x0000000100800000,0x0000000100900000] [id=27784]
  0x0000018a7d1df8f0 WorkerThread "G1 Conc#0" [stack: 0x0000000100900000,0x0000000100a00000] [id=27788]
  0x0000018a7d220d00 ConcurrentGCThread "G1 Refine#0" [stack: 0x0000000100a00000,0x0000000100b00000] [id=27796]
  0x0000018a7d2224c0 ConcurrentGCThread "G1 Service" [stack: 0x0000000100b00000,0x0000000100c00000] [id=27800]

Threads with active compile tasks:
C2 CompilerThread0       79  127       4       java.lang.String::hashCode (60 bytes)

VM state: not at safepoint (normal execution)

VM Mutex/Monitor currently owned by a thread: None

Heap address: 0x0000000083c00000, size: 1988 MB, Compressed Oops mode: 32-bit

CDS archive(s) mapped at: [0x0000000800000000-0x0000000800ba0000-0x0000000800ba0000), size 12189696, SharedBaseAddress: 0x0000000800000000, ArchiveRelocationMode: 0.
Compressed class space mapped at: 0x0000000800c00000-0x0000000840c00000, reserved size: 1073741824
Narrow klass base: 0x0000000800000000, Narrow klass shift: 0, Narrow klass range: 0x100000000

GC Precious Log:
 CardTable entry size: 512
 Card Set container configuration: InlinePtr #cards 5 size 8 Array Of Cards #cards 12 size 40 Howl #buckets 4 coarsen threshold 1843 Howl Bitmap #cards 512 size 80 coarsen threshold 460 Card regions per heap region 1 cards per card region 2048
 CPUs: 4 total, 4 available
 Memory: 7948M
 Large Page Support: Disabled
 NUMA Support: Disabled
 Compressed Oops: Enabled (32-bit)
 Heap Region Size: 1M
 Heap Min Capacity: 8M
 Heap Initial Capacity: 126M
 Heap Max Capacity: 1988M
 Pre-touch: Disabled
 Parallel Workers: 4
 Concurrent Workers: 1
 Concurrent Refinement Workers: 4
 Periodic GC: Disabled

Heap:
 garbage-first heap   total 129024K, used 1024K [0x0000000083c00000, 0x0000000100000000)
  region size 1024K, 2 young (2048K), 0 survivors (0K)
 Metaspace       used 457K, committed 640K, reserved 1114112K
  class space    used 29K, committed 128K, reserved 1048576K

Heap Regions: E=young(eden), S=young(survivor), O=old, HS=humongous(starts), HC=humongous(continues), CS=collection set, F=free, OA=open archive, CA=closed archive, TAMS=top-at-mark-start (previous, next)
|   0|0x0000000083c00000, 0x0000000083c00000, 0x0000000083d00000|  0%| F|  |TAMS 0x0000000083c00000, 0x0000000083c00000| Untracked 
|   1|0x0000000083d00000, 0x0000000083d00000, 0x0000000083e00000|  0%| F|  |TAMS 0x0000000083d00000, 0x0000000083d00000| Untracked 
|   2|0x0000000083e00000, 0x0000000083e00000, 0x0000000083f00000|  0%| F|  |TAMS 0x0000000083e00000, 0x0000000083e00000| Untracked 
|   3|0x0000000083f00000, 0x0000000083f00000, 0x0000000084000000|  0%| F|  |TAMS 0x0000000083f00000, 0x0000000083f00000| Untracked 
|   4|0x0000000084000000, 0x0000000084000000, 0x0000000084100000|  0%| F|  |TAMS 0x0000000084000000, 0x0000000084000000| Untracked 
|   5|0x0000000084100000, 0x0000000084100000, 0x0000000084200000|  0%| F|  |TAMS 0x0000000084100000, 0x0000000084100000| Untracked 
|   6|0x0000000084200000, 0x0000000084200000, 0x0000000084300000|  0%| F|  |TAMS 0x0000000084200000, 0x0000000084200000| Untracked 
|   7|0x0000000084300000, 0x0000000084300000, 0x0000000084400000|  0%| F|  |TAMS 0x0000000084300000, 0x0000000084300000| Untracked 
|   8|0x0000000084400000, 0x0000000084400000, 0x0000000084500000|  0%| F|  |TAMS 0x0000000084400000, 0x0000000084400000| Untracked 
|   9|0x0000000084500000, 0x0000000084500000, 0x0000000084600000|  0%| F|  |TAMS 0x0000000084500000, 0x0000000084500000| Untracked 
|  10|0x0000000084600000, 0x0000000084600000, 0x0000000084700000|  0%| F|  |TAMS 0x0000000084600000, 0x0000000084600000| Untracked 
|  11|0x0000000084700000, 0x0000000084700000, 0x0000000084800000|  0%| F|  |TAMS 0x0000000084700000, 0x0000000084700000| Untracked 
|  12|0x0000000084800000, 0x0000000084800000, 0x0000000084900000|  0%| F|  |TAMS 0x0000000084800000, 0x0000000084800000| Untracked 
|  13|0x0000000084900000, 0x0000000084900000, 0x0000000084a00000|  0%| F|  |TAMS 0x0000000084900000, 0x0000000084900000| Untracked 
|  14|0x0000000084a00000, 0x0000000084a00000, 0x0000000084b00000|  0%| F|  |TAMS 0x0000000084a00000, 0x0000000084a00000| Untracked 
|  15|0x0000000084b00000, 0x0000000084b00000, 0x0000000084c00000|  0%| F|  |TAMS 0x0000000084b00000, 0x0000000084b00000| Untracked 
|  16|0x0000000084c00000, 0x0000000084c00000, 0x0000000084d00000|  0%| F|  |TAMS 0x0000000084c00000, 0x0000000084c00000| Untracked 
|  17|0x0000000084d00000, 0x0000000084d00000, 0x0000000084e00000|  0%| F|  |TAMS 0x0000000084d00000, 0x0000000084d00000| Untracked 
|  18|0x0000000084e00000, 0x0000000084e00000, 0x0000000084f00000|  0%| F|  |TAMS 0x0000000084e00000, 0x0000000084e00000| Untracked 
|  19|0x0000000084f00000, 0x0000000084f00000, 0x0000000085000000|  0%| F|  |TAMS 0x0000000084f00000, 0x0000000084f00000| Untracked 
|  20|0x0000000085000000, 0x0000000085000000, 0x0000000085100000|  0%| F|  |TAMS 0x0000000085000000, 0x0000000085000000| Untracked 
|  21|0x0000000085100000, 0x0000000085100000, 0x0000000085200000|  0%| F|  |TAMS 0x0000000085100000, 0x0000000085100000| Untracked 
|  22|0x0000000085200000, 0x0000000085200000, 0x0000000085300000|  0%| F|  |TAMS 0x0000000085200000, 0x0000000085200000| Untracked 
|  23|0x0000000085300000, 0x0000000085300000, 0x0000000085400000|  0%| F|  |TAMS 0x0000000085300000, 0x0000000085300000| Untracked 
|  24|0x0000000085400000, 0x0000000085400000, 0x0000000085500000|  0%| F|  |TAMS 0x0000000085400000, 0x0000000085400000| Untracked 
|  25|0x0000000085500000, 0x0000000085500000, 0x0000000085600000|  0%| F|  |TAMS 0x0000000085500000, 0x0000000085500000| Untracked 
|  26|0x0000000085600000, 0x0000000085600000, 0x0000000085700000|  0%| F|  |TAMS 0x0000000085600000, 0x0000000085600000| Untracked 
|  27|0x0000000085700000, 0x0000000085700000, 0x0000000085800000|  0%| F|  |TAMS 0x0000000085700000, 0x0000000085700000| Untracked 
|  28|0x0000000085800000, 0x0000000085800000, 0x0000000085900000|  0%| F|  |TAMS 0x0000000085800000, 0x0000000085800000| Untracked 
|  29|0x0000000085900000, 0x0000000085900000, 0x0000000085a00000|  0%| F|  |TAMS 0x0000000085900000, 0x0000000085900000| Untracked 
|  30|0x0000000085a00000, 0x0000000085a00000, 0x0000000085b00000|  0%| F|  |TAMS 0x0000000085a00000, 0x0000000085a00000| Untracked 
|  31|0x0000000085b00000, 0x0000000085b00000, 0x0000000085c00000|  0%| F|  |TAMS 0x0000000085b00000, 0x0000000085b00000| Untracked 
|  32|0x0000000085c00000, 0x0000000085c00000, 0x0000000085d00000|  0%| F|  |TAMS 0x0000000085c00000, 0x0000000085c00000| Untracked 
|  33|0x0000000085d00000, 0x0000000085d00000, 0x0000000085e00000|  0%| F|  |TAMS 0x0000000085d00000, 0x0000000085d00000| Untracked 
|  34|0x0000000085e00000, 0x0000000085e00000, 0x0000000085f00000|  0%| F|  |TAMS 0x0000000085e00000, 0x0000000085e00000| Untracked 
|  35|0x0000000085f00000, 0x0000000085f00000, 0x0000000086000000|  0%| F|  |TAMS 0x0000000085f00000, 0x0000000085f00000| Untracked 
|  36|0x0000000086000000, 0x0000000086000000, 0x0000000086100000|  0%| F|  |TAMS 0x0000000086000000, 0x0000000086000000| Untracked 
|  37|0x0000000086100000, 0x0000000086100000, 0x0000000086200000|  0%| F|  |TAMS 0x0000000086100000, 0x0000000086100000| Untracked 
|  38|0x0000000086200000, 0x0000000086200000, 0x0000000086300000|  0%| F|  |TAMS 0x0000000086200000, 0x0000000086200000| Untracked 
|  39|0x0000000086300000, 0x0000000086300000, 0x0000000086400000|  0%| F|  |TAMS 0x0000000086300000, 0x0000000086300000| Untracked 
|  40|0x0000000086400000, 0x0000000086400000, 0x0000000086500000|  0%| F|  |TAMS 0x0000000086400000, 0x0000000086400000| Untracked 
|  41|0x0000000086500000, 0x0000000086500000, 0x0000000086600000|  0%| F|  |TAMS 0x0000000086500000, 0x0000000086500000| Untracked 
|  42|0x0000000086600000, 0x0000000086600000, 0x0000000086700000|  0%| F|  |TAMS 0x0000000086600000, 0x0000000086600000| Untracked 
|  43|0x0000000086700000, 0x0000000086700000, 0x0000000086800000|  0%| F|  |TAMS 0x0000000086700000, 0x0000000086700000| Untracked 
|  44|0x0000000086800000, 0x0000000086800000, 0x0000000086900000|  0%| F|  |TAMS 0x0000000086800000, 0x0000000086800000| Untracked 
|  45|0x0000000086900000, 0x0000000086900000, 0x0000000086a00000|  0%| F|  |TAMS 0x0000000086900000, 0x0000000086900000| Untracked 
|  46|0x0000000086a00000, 0x0000000086a00000, 0x0000000086b00000|  0%| F|  |TAMS 0x0000000086a00000, 0x0000000086a00000| Untracked 
|  47|0x0000000086b00000, 0x0000000086b00000, 0x0000000086c00000|  0%| F|  |TAMS 0x0000000086b00000, 0x0000000086b00000| Untracked 
|  48|0x0000000086c00000, 0x0000000086c00000, 0x0000000086d00000|  0%| F|  |TAMS 0x0000000086c00000, 0x0000000086c00000| Untracked 
|  49|0x0000000086d00000, 0x0000000086d00000, 0x0000000086e00000|  0%| F|  |TAMS 0x0000000086d00000, 0x0000000086d00000| Untracked 
|  50|0x0000000086e00000, 0x0000000086e00000, 0x0000000086f00000|  0%| F|  |TAMS 0x0000000086e00000, 0x0000000086e00000| Untracked 
|  51|0x0000000086f00000, 0x0000000086f00000, 0x0000000087000000|  0%| F|  |TAMS 0x0000000086f00000, 0x0000000086f00000| Untracked 
|  52|0x0000000087000000, 0x0000000087000000, 0x0000000087100000|  0%| F|  |TAMS 0x0000000087000000, 0x0000000087000000| Untracked 
|  53|0x0000000087100000, 0x0000000087100000, 0x0000000087200000|  0%| F|  |TAMS 0x0000000087100000, 0x0000000087100000| Untracked 
|  54|0x0000000087200000, 0x0000000087200000, 0x0000000087300000|  0%| F|  |TAMS 0x0000000087200000, 0x0000000087200000| Untracked 
|  55|0x0000000087300000, 0x0000000087300000, 0x0000000087400000|  0%| F|  |TAMS 0x0000000087300000, 0x0000000087300000| Untracked 
|  56|0x0000000087400000, 0x0000000087400000, 0x0000000087500000|  0%| F|  |TAMS 0x0000000087400000, 0x0000000087400000| Untracked 
|  57|0x0000000087500000, 0x0000000087500000, 0x0000000087600000|  0%| F|  |TAMS 0x0000000087500000, 0x0000000087500000| Untracked 
|  58|0x0000000087600000, 0x0000000087600000, 0x0000000087700000|  0%| F|  |TAMS 0x0000000087600000, 0x0000000087600000| Untracked 
|  59|0x0000000087700000, 0x0000000087700000, 0x0000000087800000|  0%| F|  |TAMS 0x0000000087700000, 0x0000000087700000| Untracked 
|  60|0x0000000087800000, 0x0000000087800000, 0x0000000087900000|  0%| F|  |TAMS 0x0000000087800000, 0x0000000087800000| Untracked 
|  61|0x0000000087900000, 0x0000000087900000, 0x0000000087a00000|  0%| F|  |TAMS 0x0000000087900000, 0x0000000087900000| Untracked 
|  62|0x0000000087a00000, 0x0000000087a00000, 0x0000000087b00000|  0%| F|  |TAMS 0x0000000087a00000, 0x0000000087a00000| Untracked 
|  63|0x0000000087b00000, 0x0000000087b00000, 0x0000000087c00000|  0%| F|  |TAMS 0x0000000087b00000, 0x0000000087b00000| Untracked 
|  64|0x0000000087c00000, 0x0000000087c00000, 0x0000000087d00000|  0%| F|  |TAMS 0x0000000087c00000, 0x0000000087c00000| Untracked 
|  65|0x0000000087d00000, 0x0000000087d00000, 0x0000000087e00000|  0%| F|  |TAMS 0x0000000087d00000, 0x0000000087d00000| Untracked 
|  66|0x0000000087e00000, 0x0000000087e00000, 0x0000000087f00000|  0%| F|  |TAMS 0x0000000087e00000, 0x0000000087e00000| Untracked 
|  67|0x0000000087f00000, 0x0000000087f00000, 0x0000000088000000|  0%| F|  |TAMS 0x0000000087f00000, 0x0000000087f00000| Untracked 
|  68|0x0000000088000000, 0x0000000088000000, 0x0000000088100000|  0%| F|  |TAMS 0x0000000088000000, 0x0000000088000000| Untracked 
|  69|0x0000000088100000, 0x0000000088100000, 0x0000000088200000|  0%| F|  |TAMS 0x0000000088100000, 0x0000000088100000| Untracked 
|  70|0x0000000088200000, 0x0000000088200000, 0x0000000088300000|  0%| F|  |TAMS 0x0000000088200000, 0x0000000088200000| Untracked 
|  71|0x0000000088300000, 0x0000000088300000, 0x0000000088400000|  0%| F|  |TAMS 0x0000000088300000, 0x0000000088300000| Untracked 
|  72|0x0000000088400000, 0x0000000088400000, 0x0000000088500000|  0%| F|  |TAMS 0x0000000088400000, 0x0000000088400000| Untracked 
|  73|0x0000000088500000, 0x0000000088500000, 0x0000000088600000|  0%| F|  |TAMS 0x0000000088500000, 0x0000000088500000| Untracked 
|  74|0x0000000088600000, 0x0000000088600000, 0x0000000088700000|  0%| F|  |TAMS 0x0000000088600000, 0x0000000088600000| Untracked 
|  75|0x0000000088700000, 0x0000000088700000, 0x0000000088800000|  0%| F|  |TAMS 0x0000000088700000, 0x0000000088700000| Untracked 
|  76|0x0000000088800000, 0x0000000088800000, 0x0000000088900000|  0%| F|  |TAMS 0x0000000088800000, 0x0000000088800000| Untracked 
|  77|0x0000000088900000, 0x0000000088900000, 0x0000000088a00000|  0%| F|  |TAMS 0x0000000088900000, 0x0000000088900000| Untracked 
|  78|0x0000000088a00000, 0x0000000088a00000, 0x0000000088b00000|  0%| F|  |TAMS 0x0000000088a00000, 0x0000000088a00000| Untracked 
|  79|0x0000000088b00000, 0x0000000088b00000, 0x0000000088c00000|  0%| F|  |TAMS 0x0000000088b00000, 0x0000000088b00000| Untracked 
|  80|0x0000000088c00000, 0x0000000088c00000, 0x0000000088d00000|  0%| F|  |TAMS 0x0000000088c00000, 0x0000000088c00000| Untracked 
|  81|0x0000000088d00000, 0x0000000088d00000, 0x0000000088e00000|  0%| F|  |TAMS 0x0000000088d00000, 0x0000000088d00000| Untracked 
|  82|0x0000000088e00000, 0x0000000088e00000, 0x0000000088f00000|  0%| F|  |TAMS 0x0000000088e00000, 0x0000000088e00000| Untracked 
|  83|0x0000000088f00000, 0x0000000088f00000, 0x0000000089000000|  0%| F|  |TAMS 0x0000000088f00000, 0x0000000088f00000| Untracked 
|  84|0x0000000089000000, 0x0000000089000000, 0x0000000089100000|  0%| F|  |TAMS 0x0000000089000000, 0x0000000089000000| Untracked 
|  85|0x0000000089100000, 0x0000000089100000, 0x0000000089200000|  0%| F|  |TAMS 0x0000000089100000, 0x0000000089100000| Untracked 
|  86|0x0000000089200000, 0x0000000089200000, 0x0000000089300000|  0%| F|  |TAMS 0x0000000089200000, 0x0000000089200000| Untracked 
|  87|0x0000000089300000, 0x0000000089300000, 0x0000000089400000|  0%| F|  |TAMS 0x0000000089300000, 0x0000000089300000| Untracked 
|  88|0x0000000089400000, 0x0000000089400000, 0x0000000089500000|  0%| F|  |TAMS 0x0000000089400000, 0x0000000089400000| Untracked 
|  89|0x0000000089500000, 0x0000000089500000, 0x0000000089600000|  0%| F|  |TAMS 0x0000000089500000, 0x0000000089500000| Untracked 
|  90|0x0000000089600000, 0x0000000089600000, 0x0000000089700000|  0%| F|  |TAMS 0x0000000089600000, 0x0000000089600000| Untracked 
|  91|0x0000000089700000, 0x0000000089700000, 0x0000000089800000|  0%| F|  |TAMS 0x0000000089700000, 0x0000000089700000| Untracked 
|  92|0x0000000089800000, 0x0000000089800000, 0x0000000089900000|  0%| F|  |TAMS 0x0000000089800000, 0x0000000089800000| Untracked 
|  93|0x0000000089900000, 0x0000000089900000, 0x0000000089a00000|  0%| F|  |TAMS 0x0000000089900000, 0x0000000089900000| Untracked 
|  94|0x0000000089a00000, 0x0000000089a00000, 0x0000000089b00000|  0%| F|  |TAMS 0x0000000089a00000, 0x0000000089a00000| Untracked 
|  95|0x0000000089b00000, 0x0000000089b00000, 0x0000000089c00000|  0%| F|  |TAMS 0x0000000089b00000, 0x0000000089b00000| Untracked 
|  96|0x0000000089c00000, 0x0000000089c00000, 0x0000000089d00000|  0%| F|  |TAMS 0x0000000089c00000, 0x0000000089c00000| Untracked 
|  97|0x0000000089d00000, 0x0000000089d00000, 0x0000000089e00000|  0%| F|  |TAMS 0x0000000089d00000, 0x0000000089d00000| Untracked 
|  98|0x0000000089e00000, 0x0000000089e00000, 0x0000000089f00000|  0%| F|  |TAMS 0x0000000089e00000, 0x0000000089e00000| Untracked 
|  99|0x0000000089f00000, 0x0000000089f00000, 0x000000008a000000|  0%| F|  |TAMS 0x0000000089f00000, 0x0000000089f00000| Untracked 
| 100|0x000000008a000000, 0x000000008a000000, 0x000000008a100000|  0%| F|  |TAMS 0x000000008a000000, 0x000000008a000000| Untracked 
| 101|0x000000008a100000, 0x000000008a100000, 0x000000008a200000|  0%| F|  |TAMS 0x000000008a100000, 0x000000008a100000| Untracked 
| 102|0x000000008a200000, 0x000000008a200000, 0x000000008a300000|  0%| F|  |TAMS 0x000000008a200000, 0x000000008a200000| Untracked 
| 103|0x000000008a300000, 0x000000008a300000, 0x000000008a400000|  0%| F|  |TAMS 0x000000008a300000, 0x000000008a300000| Untracked 
| 104|0x000000008a400000, 0x000000008a400000, 0x000000008a500000|  0%| F|  |TAMS 0x000000008a400000, 0x000000008a400000| Untracked 
| 105|0x000000008a500000, 0x000000008a500000, 0x000000008a600000|  0%| F|  |TAMS 0x000000008a500000, 0x000000008a500000| Untracked 
| 106|0x000000008a600000, 0x000000008a600000, 0x000000008a700000|  0%| F|  |TAMS 0x000000008a600000, 0x000000008a600000| Untracked 
| 107|0x000000008a700000, 0x000000008a700000, 0x000000008a800000|  0%| F|  |TAMS 0x000000008a700000, 0x000000008a700000| Untracked 
| 108|0x000000008a800000, 0x000000008a800000, 0x000000008a900000|  0%| F|  |TAMS 0x000000008a800000, 0x000000008a800000| Untracked 
| 109|0x000000008a900000, 0x000000008a900000, 0x000000008aa00000|  0%| F|  |TAMS 0x000000008a900000, 0x000000008a900000| Untracked 
| 110|0x000000008aa00000, 0x000000008aa00000, 0x000000008ab00000|  0%| F|  |TAMS 0x000000008aa00000, 0x000000008aa00000| Untracked 
| 111|0x000000008ab00000, 0x000000008ab00000, 0x000000008ac00000|  0%| F|  |TAMS 0x000000008ab00000, 0x000000008ab00000| Untracked 
| 112|0x000000008ac00000, 0x000000008ac00000, 0x000000008ad00000|  0%| F|  |TAMS 0x000000008ac00000, 0x000000008ac00000| Untracked 
| 113|0x000000008ad00000, 0x000000008ad00000, 0x000000008ae00000|  0%| F|  |TAMS 0x000000008ad00000, 0x000000008ad00000| Untracked 
| 114|0x000000008ae00000, 0x000000008ae00000, 0x000000008af00000|  0%| F|  |TAMS 0x000000008ae00000, 0x000000008ae00000| Untracked 
| 115|0x000000008af00000, 0x000000008af00000, 0x000000008b000000|  0%| F|  |TAMS 0x000000008af00000, 0x000000008af00000| Untracked 
| 116|0x000000008b000000, 0x000000008b000000, 0x000000008b100000|  0%| F|  |TAMS 0x000000008b000000, 0x000000008b000000| Untracked 
| 117|0x000000008b100000, 0x000000008b100000, 0x000000008b200000|  0%| F|  |TAMS 0x000000008b100000, 0x000000008b100000| Untracked 
| 118|0x000000008b200000, 0x000000008b200000, 0x000000008b300000|  0%| F|  |TAMS 0x000000008b200000, 0x000000008b200000| Untracked 
| 119|0x000000008b300000, 0x000000008b300000, 0x000000008b400000|  0%| F|  |TAMS 0x000000008b300000, 0x000000008b300000| Untracked 
| 120|0x000000008b400000, 0x000000008b400000, 0x000000008b500000|  0%| F|  |TAMS 0x000000008b400000, 0x000000008b400000| Untracked 
| 121|0x000000008b500000, 0x000000008b500000, 0x000000008b600000|  0%| F|  |TAMS 0x000000008b500000, 0x000000008b500000| Untracked 
| 122|0x000000008b600000, 0x000000008b600000, 0x000000008b700000|  0%| F|  |TAMS 0x000000008b600000, 0x000000008b600000| Untracked 
| 123|0x000000008b700000, 0x000000008b700000, 0x000000008b800000|  0%| F|  |TAMS 0x000000008b700000, 0x000000008b700000| Untracked 
| 124|0x000000008b800000, 0x000000008b8c8420, 0x000000008b900000| 78%| E|  |TAMS 0x000000008b800000, 0x000000008b800000| Complete 
| 125|0x000000008b900000, 0x000000008ba00000, 0x000000008ba00000|100%| E|CS|TAMS 0x000000008b900000, 0x000000008b900000| Complete 

Card table byte_map: [0x0000018a7d620000,0x0000018a7da10000] _byte_map_base: 0x0000018a7d202000

Marking Bits (Prev, Next): (CMBitMap*) 0x0000018a7d1ce450, (CMBitMap*) 0x0000018a7d1ce490
 Prev Bits: [0x0000018a7de00000, 0x0000018a7fd10000)
 Next Bits: [0x0000018a16860000, 0x0000018a18770000)

Polling page: 0x0000018a7c930000

Metaspace:

Usage:
  Non-class:    427.28 KB used.
      Class:     29.88 KB used.
       Both:    457.16 KB used.

Virtual space:
  Non-class space:       64.00 MB reserved,     512.00 KB ( <1%) committed,  1 nodes.
      Class space:        1.00 GB reserved,     128.00 KB ( <1%) committed,  1 nodes.
             Both:        1.06 GB reserved,     640.00 KB ( <1%) committed. 

Chunk freelists:
   Non-Class:  3.97 MB
       Class:  3.74 MB
        Both:  7.72 MB

MaxMetaspaceSize: unlimited
CompressedClassSpaceSize: 1.00 GB
Initial GC threshold: 21.00 MB
Current GC threshold: 21.00 MB
CDS: on
MetaspaceReclaimPolicy: balanced
 - commit_granule_bytes: 65536.
 - commit_granule_words: 8192.
 - virtual_space_node_default_size: 8388608.
 - enlarge_chunks_in_place: 1.
 - new_chunks_are_fully_committed: 0.
 - uncommit_free_chunks: 1.
 - use_allocation_guard: 0.


Internal statistics:

num_allocs_failed_limit: 0.
num_arena_births: 10.
num_arena_deaths: 0.
num_vsnodes_births: 2.
num_vsnodes_deaths: 0.
num_space_committed: 10.
num_space_uncommitted: 0.
num_chunks_returned_to_freelist: 0.
num_chunks_taken_from_freelist: 13.
num_chunk_merges: 0.
num_chunk_splits: 7.
num_chunks_enlarged: 5.
num_inconsistent_stats: 0.

CodeHeap 'non-profiled nmethods': size=120000Kb used=45Kb max_used=45Kb free=119954Kb
 bounds [0x0000018a0f330000, 0x0000018a0f5a0000, 0x0000018a16860000]
CodeHeap 'profiled nmethods': size=120000Kb used=196Kb max_used=196Kb free=119803Kb
 bounds [0x0000018a07e00000, 0x0000018a08070000, 0x0000018a0f330000]
CodeHeap 'non-nmethods': size=5760Kb used=1115Kb max_used=1119Kb free=4644Kb
 bounds [0x0000018a07860000, 0x0000018a07ad0000, 0x0000018a07e00000]
 total_blobs=534 nmethods=167 adapters=280
 compilation: enabled
              stopped_count=0, restarted_count=0
 full_count=0

Compilation events (20 events):
Event: 0.052 Thread 0x0000018a1a9e8f30 nmethod 123 0x0000018a07e1f790 code [0x0000018a07e1fae0, 0x0000018a07e21138]
Event: 0.052 Thread 0x0000018a1a9e8f30  124       3       java.util.StringTokenizer::skipDelimiters (116 bytes)
Event: 0.052 Thread 0x0000018a1a9e8f30 nmethod 124 0x0000018a07e21990 code [0x0000018a07e21c20, 0x0000018a07e22968]
Event: 0.052 Thread 0x0000018a1a9e8f30  122       3       java.lang.String::indexOf (7 bytes)
Event: 0.053 Thread 0x0000018a1a9e8f30 nmethod 122 0x0000018a07e22e90 code [0x0000018a07e23060, 0x0000018a07e23378]
Event: 0.053 Thread 0x0000018a1a9e8f30  125       3       java.util.HashSet::add (20 bytes)
Event: 0.053 Thread 0x0000018a1a9e8f30 nmethod 125 0x0000018a07e23490 code [0x0000018a07e23640, 0x0000018a07e23808]
Event: 0.053 Thread 0x0000018a1a9e8f30  126       3       java.lang.StringLatin1::newString (24 bytes)
Event: 0.053 Thread 0x0000018a1a9e8f30 nmethod 126 0x0000018a07e23910 code [0x0000018a07e23ae0, 0x0000018a07e23e08]
Event: 0.053 Thread 0x0000018a1a9e8f30  128       3       jdk.internal.util.Preconditions::checkFromToIndex (24 bytes)
Event: 0.053 Thread 0x0000018a1a9e8f30 nmethod 128 0x0000018a07e23f10 code [0x0000018a07e240c0, 0x0000018a07e242a8]
Event: 0.053 Thread 0x0000018a1a9e8f30  129       3       java.lang.String::checkBoundsBeginEnd (11 bytes)
Event: 0.053 Thread 0x0000018a1a9e8f30 nmethod 129 0x0000018a07e24390 code [0x0000018a07e24540, 0x0000018a07e24788]
Event: 0.053 Thread 0x0000018a1a9e8f30  130       3       java.lang.String::substring (58 bytes)
Event: 0.053 Thread 0x0000018a1a9e8f30 nmethod 130 0x0000018a07e24890 code [0x0000018a07e24aa0, 0x0000018a07e250c8]
Event: 0.053 Thread 0x0000018a1a9e8f30  132       3       java.util.StringTokenizer::nextToken (92 bytes)
Event: 0.053 Thread 0x0000018a1a9e8f30 nmethod 132 0x0000018a07e25310 code [0x0000018a07e254e0, 0x0000018a07e25818]
Event: 0.053 Thread 0x0000018a1a9e8f30  131       3       java.util.StringTokenizer::hasMoreTokens (29 bytes)
Event: 0.053 Thread 0x0000018a1a9e8f30 nmethod 131 0x0000018a07e25990 code [0x0000018a07e25b40, 0x0000018a07e25ce8]
Event: 0.053 Thread 0x0000018a1a9e8f30  118       3       java.lang.invoke.MethodType::makeImpl (109 bytes)

GC Heap History (0 events):
No events

Deoptimization events (0 events):
No events

Classes loaded (20 events):
Event: 0.039 Loading class java/util/Scanner
Event: 0.039 Loading class java/util/Scanner done
Event: 0.046 Loading class java/io/InputStreamReader
Event: 0.046 Loading class java/io/Reader
Event: 0.046 Loading class java/io/Reader done
Event: 0.046 Loading class java/io/InputStreamReader done
Event: 0.046 Loading class sun/nio/cs/StreamDecoder
Event: 0.047 Loading class sun/nio/cs/StreamDecoder done
Event: 0.047 Loading class java/util/Scanner$PatternLRUCache
Event: 0.047 Loading class java/util/Scanner$PatternLRUCache done
Event: 0.048 Loading class jdk/internal/module/ModulePatcher$PatchedModuleReader
Event: 0.048 Loading class jdk/internal/module/ModulePatcher$PatchedModuleReader done
Event: 0.050 Loading class sun/net/www/protocol/jrt/Handler
Event: 0.050 Loading class sun/net/www/protocol/jrt/Handler done
Event: 0.053 Loading class sun/util/resources/LocaleData$CommonResourceBundleProvider
Event: 0.053 Loading class sun/util/resources/LocaleData$LocaleDataResourceBundleProvider
Event: 0.053 Loading class java/util/spi/ResourceBundleProvider
Event: 0.053 Loading class java/util/spi/ResourceBundleProvider done
Event: 0.053 Loading class sun/util/resources/LocaleData$LocaleDataResourceBundleProvider done
Event: 0.053 Loading class sun/util/resources/LocaleData$CommonResourceBundleProvider done

Classes unloaded (0 events):
No events

Classes redefined (0 events):
No events

Internal exceptions (0 events):
No events

VM Operations (0 events):
No events

Events (16 events):
Event: 0.006 Loaded shared library C:\Program Files\Java\jdk-18\bin\java.dll
Event: 0.013 Loaded shared library C:\Program Files\Java\jdk-18\bin\jsvml.dll
Event: 0.013 Thread 0x0000018a7d16e090 Thread added: 0x0000018a7d16e090
Event: 0.014 Thread 0x0000018a1a9be990 Thread added: 0x0000018a1a9be990
Event: 0.015 Thread 0x0000018a1a9c0340 Thread added: 0x0000018a1a9c0340
Event: 0.021 Thread 0x0000018a1a9d8680 Thread added: 0x0000018a1a9d8680
Event: 0.021 Thread 0x0000018a1a9d9020 Thread added: 0x0000018a1a9d9020
Event: 0.021 Thread 0x0000018a1a9d99c0 Thread added: 0x0000018a1a9d99c0
Event: 0.021 Thread 0x0000018a1a9da360 Thread added: 0x0000018a1a9da360
Event: 0.021 Thread 0x0000018a1a9e0540 Thread added: 0x0000018a1a9e0540
Event: 0.021 Thread 0x0000018a1a9e8f30 Thread added: 0x0000018a1a9e8f30
Event: 0.021 Thread 0x0000018a1a9ec870 Thread added: 0x0000018a1a9ec870
Event: 0.036 Thread 0x0000018a1ec9c110 Thread added: 0x0000018a1ec9c110
Event: 0.038 Thread 0x0000018a1ec9ea30 Thread added: 0x0000018a1ec9ea30
Event: 0.039 Loaded shared library C:\Program Files\Java\jdk-18\bin\verify.dll
Event: 0.049 Loaded shared library C:\Program Files\Java\jdk-18\bin\jimage.dll


Dynamic libraries:
0x00007ff738ac0000 - 0x00007ff738ad0000 	C:\Program Files\Java\jdk-18\bin\javaw.exe
0x00007ff8884d0000 - 0x00007ff8886e4000 	C:\WINDOWS\SYSTEM32\ntdll.dll
0x00007ff887e80000 - 0x00007ff887f42000 	C:\WINDOWS\System32\KERNEL32.DLL
0x00007ff885c80000 - 0x00007ff88601c000 	C:\WINDOWS\System32\KERNELBASE.dll
0x00007ff886190000 - 0x00007ff8862a1000 	C:\WINDOWS\System32\ucrtbase.dll
0x00007ff851700000 - 0x00007ff851718000 	C:\Program Files\Java\jdk-18\bin\jli.dll
0x00007ff888380000 - 0x00007ff88842e000 	C:\WINDOWS\System32\ADVAPI32.dll
0x00007ff87d5f0000 - 0x00007ff87d60a000 	C:\Program Files\Java\jdk-18\bin\VCRUNTIME140.dll
0x00007ff8864e0000 - 0x00007ff886587000 	C:\WINDOWS\System32\msvcrt.dll
0x00007ff886390000 - 0x00007ff886434000 	C:\WINDOWS\System32\sechost.dll
0x00007ff888260000 - 0x00007ff888377000 	C:\WINDOWS\System32\RPCRT4.dll
0x00007ff887210000 - 0x00007ff8873bb000 	C:\WINDOWS\System32\USER32.dll
0x00007ff8862b0000 - 0x00007ff8862d6000 	C:\WINDOWS\System32\win32u.dll
0x00007ff867690000 - 0x00007ff86791e000 	C:\WINDOWS\WinSxS\amd64_microsoft.windows.common-controls_6595b64144ccf1df_6.0.22621.608_none_a9444ca7c10bb01d\COMCTL32.dll
0x00007ff887f50000 - 0x00007ff887f79000 	C:\WINDOWS\System32\GDI32.dll
0x00007ff885910000 - 0x00007ff885a23000 	C:\WINDOWS\System32\gdi32full.dll
0x00007ff885a30000 - 0x00007ff885aca000 	C:\WINDOWS\System32\msvcp_win.dll
0x00007ff879030000 - 0x00007ff87903a000 	C:\WINDOWS\SYSTEM32\VERSION.dll
0x00007ff8873c0000 - 0x00007ff8873f1000 	C:\WINDOWS\System32\IMM32.DLL
0x00007ff87e0d0000 - 0x00007ff87e0dc000 	C:\Program Files\Java\jdk-18\bin\vcruntime140_1.dll
0x00007ff8764c0000 - 0x00007ff87654d000 	C:\Program Files\Java\jdk-18\bin\msvcp140.dll
0x00007ff808cc0000 - 0x00007ff8098d1000 	C:\Program Files\Java\jdk-18\bin\server\jvm.dll
0x00007ff8864d0000 - 0x00007ff8864d8000 	C:\WINDOWS\System32\PSAPI.DLL
0x00007ff863210000 - 0x00007ff863244000 	C:\WINDOWS\SYSTEM32\WINMM.dll
0x00007ff87add0000 - 0x00007ff87add9000 	C:\WINDOWS\SYSTEM32\WSOCK32.dll
0x00007ff888190000 - 0x00007ff888201000 	C:\WINDOWS\System32\WS2_32.dll
0x00007ff884960000 - 0x00007ff884978000 	C:\WINDOWS\SYSTEM32\kernel.appcore.dll
0x00007ff869100000 - 0x00007ff86910a000 	C:\Program Files\Java\jdk-18\bin\jimage.dll
0x00007ff8834d0000 - 0x00007ff8836fe000 	C:\WINDOWS\SYSTEM32\DBGHELP.DLL
0x00007ff886590000 - 0x00007ff886919000 	C:\WINDOWS\System32\combase.dll
0x00007ff887880000 - 0x00007ff887957000 	C:\WINDOWS\System32\OLEAUT32.dll
0x00007ff863490000 - 0x00007ff8634c2000 	C:\WINDOWS\SYSTEM32\dbgcore.DLL
0x00007ff885b40000 - 0x00007ff885bbb000 	C:\WINDOWS\System32\bcryptPrimitives.dll
0x00007ff8516d0000 - 0x00007ff8516f5000 	C:\Program Files\Java\jdk-18\bin\java.dll
0x00007ff8410c0000 - 0x00007ff841196000 	C:\Program Files\Java\jdk-18\bin\jsvml.dll
0x00007ff886920000 - 0x00007ff887110000 	C:\WINDOWS\System32\SHELL32.dll
0x00007ff883920000 - 0x00007ff8841ed000 	C:\WINDOWS\SYSTEM32\windows.storage.dll
0x00007ff8837e0000 - 0x00007ff88391e000 	C:\WINDOWS\SYSTEM32\wintypes.dll
0x00007ff887d80000 - 0x00007ff887e71000 	C:\WINDOWS\System32\SHCORE.dll
0x00007ff8880b0000 - 0x00007ff88810e000 	C:\WINDOWS\System32\shlwapi.dll
0x00007ff885840000 - 0x00007ff885861000 	C:\WINDOWS\SYSTEM32\profapi.dll
0x00007ff863990000 - 0x00007ff8639a0000 	C:\Program Files\Java\jdk-18\bin\verify.dll

dbghelp: loaded successfully - version: 4.0.5 - missing functions: none
symbol engine: initialized successfully - sym options: 0x614 - pdb path: .;C:\Program Files\Java\jdk-18\bin;C:\WINDOWS\SYSTEM32;C:\WINDOWS\WinSxS\amd64_microsoft.windows.common-controls_6595b64144ccf1df_6.0.22621.608_none_a9444ca7c10bb01d;C:\Program Files\Java\jdk-18\bin\server

VM Arguments:
jvm_args: -Dfile.encoding=UTF-8 -XX:+ShowCodeDetailsInExceptionMessages 
java_command: com.app.App
java_class_path (initial): C:\Users\SHAIKH USMAN\eclipse-workspace\Hibernate_3rdProject\target\classes;C:\Users\SHAIKH USMAN\.m2\repository\com\mysql\mysql-connector-j\8.0.32\mysql-connector-j-8.0.32.jar;C:\Users\SHAIKH USMAN\.m2\repository\com\google\protobuf\protobuf-java\3.21.9\protobuf-java-3.21.9.jar;C:\Users\SHAIKH USMAN\.m2\repository\org\hibernate\hibernate-core\5.6.14.Final\hibernate-core-5.6.14.Final.jar;C:\Users\SHAIKH USMAN\.m2\repository\org\jboss\logging\jboss-logging\3.4.3.Final\jboss-logging-3.4.3.Final.jar;C:\Users\SHAIKH USMAN\.m2\repository\javax\persistence\javax.persistence-api\2.2\javax.persistence-api-2.2.jar;C:\Users\SHAIKH USMAN\.m2\repository\net\bytebuddy\byte-buddy\1.12.18\byte-buddy-1.12.18.jar;C:\Users\SHAIKH USMAN\.m2\repository\antlr\antlr\2.7.7\antlr-2.7.7.jar;C:\Users\SHAIKH USMAN\.m2\repository\org\jboss\spec\javax\transaction\jboss-transaction-api_1.2_spec\1.1.1.Final\jboss-transaction-api_1.2_spec-1.1.1.Final.jar;C:\Users\SHAIKH USMAN\.m2\repository\org\jboss\jandex\2.4.2.Final\jandex-2.4.2.Final.jar;C:\Users\SHAIKH USMAN\.m2\repository\com\fasterxml\classmate\1.5.1\classmate-1.5.1.jar;C:\Users\SHAIKH USMAN\.m2\repository\javax\activation\javax.activation-api\1.2.0\javax.activation-api-1.2.0.jar;C:\Users\SHAIKH USMAN\.m2\repository\org\hibernate\common\hibernate-commons-annotations\5.1.2.Final\hibernate-commons-annotations-5.1.2.Final.jar;C:\Users\SHAIKH USMAN\.m2\repository\javax\xml\bind\jaxb-api\2.3.1\jaxb-api-2.3.1.jar;C:\Users\SHAIKH USMAN\.m2\repository\org\glassfish\jaxb\jaxb-runtime\2.3.1\jaxb-runtime-2.3.1.jar;C:\Users\SHAIKH USMAN\.m2\repository\org\glassfish\jaxb\txw2\2.3.1\txw2-2.3.1.jar;C:\Users\SHAIKH USMAN\.m2\repository\com\sun\istack\istack-commons-runtime\3.0.7\istack-commons-runtime-3.0.7.jar;C:\Users\SHAIKH USMAN\.m2\repository\org\jvnet\staxex\stax-ex\1.8\stax-ex-1.8.jar;C:\Users\SHAIKH USMAN\.m2\repository\com\sun\xml\fastinfoset\FastInfoset\1.2.15\FastInfoset-1.2.15.jar;C:\Users\SHAIKH USMAN\.m2\repository\org\projectlombok\lombok\1.18.24\lombok-1.18.24.jar
Launcher Type: SUN_STANDARD

[Global flags]
     intx CICompilerCount                          = 3                                         {product} {ergonomic}
     uint ConcGCThreads                            = 1                                         {product} {ergonomic}
     uint G1ConcRefinementThreads                  = 4                                         {product} {ergonomic}
   size_t G1HeapRegionSize                         = 1048576                                   {product} {ergonomic}
    uintx GCDrainStackTargetSize                   = 64                                        {product} {ergonomic}
   size_t InitialHeapSize                          = 132120576                                 {product} {ergonomic}
   size_t MarkStackSize                            = 4194304                                   {product} {ergonomic}
   size_t MaxHeapSize                              = 2084569088                                {product} {ergonomic}
   size_t MaxNewSize                               = 1249902592                                {product} {ergonomic}
   size_t MinHeapDeltaBytes                        = 1048576                                   {product} {ergonomic}
   size_t MinHeapSize                              = 8388608                                   {product} {ergonomic}
    uintx NonNMethodCodeHeapSize                   = 5832780                                {pd product} {ergonomic}
    uintx NonProfiledCodeHeapSize                  = 122912730                              {pd product} {ergonomic}
    uintx ProfiledCodeHeapSize                     = 122912730                              {pd product} {ergonomic}
    uintx ReservedCodeCacheSize                    = 251658240                              {pd product} {ergonomic}
     bool SegmentedCodeCache                       = true                                      {product} {ergonomic}
     bool ShowCodeDetailsInExceptionMessages       = true                                   {manageable} {command line}
   size_t SoftMaxHeapSize                          = 2084569088                             {manageable} {ergonomic}
     bool UseCompressedClassPointers               = true                           {product lp64_product} {ergonomic}
     bool UseCompressedOops                        = true                           {product lp64_product} {ergonomic}
     bool UseG1GC                                  = true                                      {product} {ergonomic}
     bool UseLargePagesIndividualAllocation        = false                                  {pd product} {ergonomic}

Logging:
Log output configuration:
 #0: stdout all=warning uptime,level,tags foldmultilines=false
 #1: stderr all=off uptime,level,tags foldmultilines=false

Environment Variables:
JAVA_HOME=C:\Program Files\Java\jdk-18
PATH=C:/Program Files/Java/jdk-18/bin/server;C:/Program Files/Java/jdk-18/bin;C:\apache-maven-3.9.1-bin\apache-maven-3.9.1\bin;C:\Program Files\Java\jdk-18\bin;C:\Program Files\MySQL\MySQL Shell 8.0\bin\;C:\Users\SHAIKH USMAN\AppData\Local\Programs\Python\Python310\Scripts;C:\Users\SHAIKH USMAN\AppData\Local\Programs\Python\Python310;C:\Program Files\JetBrains\PyCharm Community Edition 2021.2.3\bin;;C:\Users\SHAIKH USMAN\AppData\Local\Microsoft\WindowsApps;C:\Users\SHAIKH USMAN\AppData\Roaming\npm;C:\Users\SHAIKH USMAN\AppData\Local\GitHubDesktop\bin;C:\Users\SHAIKH USMAN\AppData\Local\Programs\Microsoft VS Code\bin;C:\WINDOWS\System32;
USERNAME=SHAIKH USMAN
OS=Windows_NT
PROCESSOR_IDENTIFIER=Intel64 Family 6 Model 140 Stepping 1, GenuineIntel



---------------  S Y S T E M  ---------------

OS:
 Windows 11 , 64 bit Build 22621 (10.0.22621.1485)
OS uptime: 8 days 14:23 hours

CPU: total 4 (initial active 4) (2 cores per cpu, 2 threads per core) family 6 model 140 stepping 1 microcode 0xa4, cx8, cmov, fxsr, ht, mmx, 3dnowpref, sse, sse2, sse3, ssse3, sse4.1, sse4.2, popcnt, lzcnt, tsc, tscinvbit, avx, avx2, aes, erms, clmul, bmi1, bmi2, adx, avx512f, avx512dq, avx512cd, avx512bw, avx512vl, sha, fma, vzeroupper, avx512_vpopcntdq, avx512_vpclmulqdq, avx512_vaes, avx512_vnni, clflush, clflushopt, clwb, avx512_vbmi2, avx512_vbmi

Memory: 4k page, system-wide physical 7948M (2058M free)
TotalPageFile size 32524M (AvailPageFile size 3M)
current process WorkingSet (physical memory assigned to process): 31M, peak: 31M
current process commit charge ("private bytes"): 199M, peak: 199M

vm_info: Java HotSpot(TM) 64-Bit Server VM (18+36-2087) for windows-amd64 JRE (18+36-2087), built on Feb 15 2022 09:43:11 by "mach5one" with MS VC++ 16.8 / 16.9 (VS2019)

END.
