#
# There is insufficient memory for the Java Runtime Environment to continue.
# Native memory allocation (malloc) failed to allocate 32744 bytes for Chunk::new
# Possible reasons:
#   The system is out of physical RAM or swap space
#   The process is running with CompressedOops enabled, and the Java Heap may be blocking the growth of the native heap
# Possible solutions:
#   Reduce memory load on the system
#   Increase physical memory or swap space
#   Check if swap backing store is full
#   Decrease Java heap size (-Xmx/-Xms)
#   Decrease number of Java threads
#   Decrease Java thread stack sizes (-Xss)
#   Set larger code cache with -XX:ReservedCodeCacheSize=
#   JVM is running with Unscaled Compressed Oops mode in which the Java heap is
#     placed in the first 4GB address space. The Java Heap base address is the
#     maximum limit for the native heap growth. Please use -XX:HeapBaseMinAddress
#     to set the Java Heap base and to place the Java Heap above 4GB virtual address.
# This output file may be truncated or incomplete.
#
#  Out of Memory Error (arena.cpp:184), pid=28012, tid=28324
#
# JRE version: Java(TM) SE Runtime Environment (18.0+36) (build 18+36-2087)
# Java VM: Java HotSpot(TM) 64-Bit Server VM (18+36-2087, mixed mode, sharing, tiered, compressed oops, compressed class ptrs, g1 gc, windows-amd64)
# No core dump will be written. Minidumps are not enabled by default on client versions of Windows
#

---------------  S U M M A R Y ------------

Command Line: -Dfile.encoding=UTF-8 -XX:+ShowCodeDetailsInExceptionMessages com.app.App

Host: 11th Gen Intel(R) Core(TM) i3-1115G4 @ 3.00GHz, 4 cores, 7G,  Windows 11 , 64 bit Build 22621 (10.0.22621.1485)
Time: Fri Apr 28 04:37:43 2023 India Standard Time elapsed time: 2.377585 seconds (0d 0h 0m 2s)

---------------  T H R E A D  ---------------

Current thread (0x00000191fe684c80):  JavaThread "C2 CompilerThread0" daemon [_thread_in_native, id=28324, stack(0x0000009081f00000,0x0000009082000000)]


Current CompileTask:
C2:   2377  421 %     4       java.lang.StringLatin1::indexOf @ 30 (121 bytes)

Stack: [0x0000009081f00000,0x0000009082000000]
Native frames: (J=compiled Java code, j=interpreted, Vv=VM code, C=native code)
V  [jvm.dll+0x69804a]
V  [jvm.dll+0x7f308d]
V  [jvm.dll+0x7f499e]
V  [jvm.dll+0x7f5053]
V  [jvm.dll+0x25ca3f]
V  [jvm.dll+0xb8c2f]
V  [jvm.dll+0xb8fa5]
V  [jvm.dll+0x6c10fa]
V  [jvm.dll+0x1d2a74]
V  [jvm.dll+0x22fd79]
V  [jvm.dll+0x22eff1]
V  [jvm.dll+0x1b9cfc]
V  [jvm.dll+0x23e8ca]
V  [jvm.dll+0x23cbac]
V  [jvm.dll+0x7a5781]
V  [jvm.dll+0x79fbba]
V  [jvm.dll+0x696ef5]
C  [ucrtbase.dll+0x29363]
C  [KERNEL32.DLL+0x1269d]
C  [ntdll.dll+0x5a9f8]


---------------  P R O C E S S  ---------------

Threads class SMR info:
_java_thread_list=0x000001918a13e540, length=13, elements={
0x00000191e6cedd40, 0x00000191fe65d390, 0x00000191fe65ed40, 0x00000191fe677ca0,
0x00000191fe678640, 0x00000191fe678fe0, 0x00000191fe679f90, 0x00000191fe684c80,
0x00000191fe6ab9a0, 0x00000191fe6b7390, 0x000001918a0bd890, 0x000001918a0bf990,
0x000001918a1eb770
}

Java Threads: ( => current thread )
  0x00000191e6cedd40 JavaThread "main" [_thread_in_vm, id=28284, stack(0x0000009081200000,0x0000009081300000)]
  0x00000191fe65d390 JavaThread "Reference Handler" daemon [_thread_blocked, id=28308, stack(0x0000009081900000,0x0000009081a00000)]
  0x00000191fe65ed40 JavaThread "Finalizer" daemon [_thread_blocked, id=28312, stack(0x0000009081a00000,0x0000009081b00000)]
  0x00000191fe677ca0 JavaThread "Signal Dispatcher" daemon [_thread_blocked, id=28316, stack(0x0000009081b00000,0x0000009081c00000)]
  0x00000191fe678640 JavaThread "Attach Listener" daemon [_thread_blocked, id=28320, stack(0x0000009081c00000,0x0000009081d00000)]
  0x00000191fe678fe0 JavaThread "Service Thread" daemon [_thread_blocked, id=28332, stack(0x0000009081d00000,0x0000009081e00000)]
  0x00000191fe679f90 JavaThread "Monitor Deflation Thread" daemon [_thread_blocked, id=28336, stack(0x0000009081e00000,0x0000009081f00000)]
=>0x00000191fe684c80 JavaThread "C2 CompilerThread0" daemon [_thread_in_native, id=28324, stack(0x0000009081f00000,0x0000009082000000)]
  0x00000191fe6ab9a0 JavaThread "C1 CompilerThread0" daemon [_thread_in_native, id=28328, stack(0x0000009082000000,0x0000009082100000)]
  0x00000191fe6b7390 JavaThread "Sweeper thread" daemon [_thread_blocked, id=28340, stack(0x0000009082100000,0x0000009082200000)]
  0x000001918a0bd890 JavaThread "Notification Thread" daemon [_thread_blocked, id=28344, stack(0x0000009082200000,0x0000009082300000)]
  0x000001918a0bf990 JavaThread "Common-Cleaner" daemon [_thread_blocked, id=28352, stack(0x0000009082400000,0x0000009082500000)]
  0x000001918a1eb770 JavaThread "C2 CompilerThread1" daemon [_thread_in_native, id=28360, stack(0x0000009082500000,0x0000009082600000)]

Other Threads:
  0x00000191e6d696e0 VMThread "VM Thread" [stack: 0x0000009081800000,0x0000009081900000] [id=28304]
  0x000001918a0bf570 WatcherThread "VM Periodic Task Thread" [stack: 0x0000009082300000,0x0000009082400000] [id=28348]
  0x00000191e6d4db00 WorkerThread "GC Thread#0" [stack: 0x0000009081300000,0x0000009081400000] [id=28288]
  0x00000191e6d5e2b0 ConcurrentGCThread "G1 Main Marker" [stack: 0x0000009081400000,0x0000009081500000] [id=28292]
  0x00000191e6d5eca0 WorkerThread "G1 Conc#0" [stack: 0x0000009081500000,0x0000009081600000] [id=28296]
  0x00000191e6da3a80 ConcurrentGCThread "G1 Refine#0" [stack: 0x0000009081600000,0x0000009081700000] [id=28300]
  0x00000191e6da5240 ConcurrentGCThread "G1 Service" [stack: 0x0000009081700000,0x0000009081800000] [id=28264]

Threads with active compile tasks:
C2 CompilerThread0     2912  421 %     4       java.lang.StringLatin1::indexOf @ 30 (121 bytes)
C1 CompilerThread0     2912  429   !   3       java.net.URL::<init> (543 bytes)
C2 CompilerThread1     2912  427       4       java.lang.String::startsWith (138 bytes)

VM state: not at safepoint (normal execution)

VM Mutex/Monitor currently owned by a thread:  ([mutex/lock_event])
[0x00000191e6ce90c0] Metaspace_lock - owner thread: 0x00000191e6cedd40

Heap address: 0x0000000083c00000, size: 1988 MB, Compressed Oops mode: 32-bit

CDS archive(s) mapped at: [0x0000000800000000-0x0000000800ba0000-0x0000000800ba0000), size 12189696, SharedBaseAddress: 0x0000000800000000, ArchiveRelocationMode: 0.
Compressed class space mapped at: 0x0000000800c00000-0x0000000840c00000, reserved size: 1073741824
Narrow klass base: 0x0000000800000000, Narrow klass shift: 0, Narrow klass range: 0x100000000

GC Precious Log:
 CardTable entry size: 512
 Card Set container configuration: InlinePtr #cards 5 size 8 Array Of Cards #cards 12 size 40 Howl #buckets 4 coarsen threshold 1843 Howl Bitmap #cards 512 size 80 coarsen threshold 460 Card regions per heap region 1 cards per card region 2048
 CPUs: 4 total, 4 available
 Memory: 7948M
 Large Page Support: Disabled
 NUMA Support: Disabled
 Compressed Oops: Enabled (32-bit)
 Heap Region Size: 1M
 Heap Min Capacity: 8M
 Heap Initial Capacity: 126M
 Heap Max Capacity: 1988M
 Pre-touch: Disabled
 Parallel Workers: 4
 Concurrent Workers: 1
 Concurrent Refinement Workers: 4
 Periodic GC: Disabled

Heap:
 garbage-first heap   total 129024K, used 10240K [0x0000000083c00000, 0x0000000100000000)
  region size 1024K, 10 young (10240K), 0 survivors (0K)
 Metaspace       used 2880K, committed 3008K, reserved 1114112K
  class space    used 303K, committed 384K, reserved 1048576K

Heap Regions: E=young(eden), S=young(survivor), O=old, HS=humongous(starts), HC=humongous(continues), CS=collection set, F=free, OA=open archive, CA=closed archive, TAMS=top-at-mark-start (previous, next)
|   0|0x0000000083c00000, 0x0000000083d00000, 0x0000000083d00000|100%|HS|  |TAMS 0x0000000083c00000, 0x0000000083c00000| Complete 
|   1|0x0000000083d00000, 0x0000000083d00000, 0x0000000083e00000|  0%| F|  |TAMS 0x0000000083d00000, 0x0000000083d00000| Untracked 
|   2|0x0000000083e00000, 0x0000000083e00000, 0x0000000083f00000|  0%| F|  |TAMS 0x0000000083e00000, 0x0000000083e00000| Untracked 
|   3|0x0000000083f00000, 0x0000000083f00000, 0x0000000084000000|  0%| F|  |TAMS 0x0000000083f00000, 0x0000000083f00000| Untracked 
|   4|0x0000000084000000, 0x0000000084000000, 0x0000000084100000|  0%| F|  |TAMS 0x0000000084000000, 0x0000000084000000| Untracked 
|   5|0x0000000084100000, 0x0000000084100000, 0x0000000084200000|  0%| F|  |TAMS 0x0000000084100000, 0x0000000084100000| Untracked 
|   6|0x0000000084200000, 0x0000000084200000, 0x0000000084300000|  0%| F|  |TAMS 0x0000000084200000, 0x0000000084200000| Untracked 
|   7|0x0000000084300000, 0x0000000084300000, 0x0000000084400000|  0%| F|  |TAMS 0x0000000084300000, 0x0000000084300000| Untracked 
|   8|0x0000000084400000, 0x0000000084400000, 0x0000000084500000|  0%| F|  |TAMS 0x0000000084400000, 0x0000000084400000| Untracked 
|   9|0x0000000084500000, 0x0000000084500000, 0x0000000084600000|  0%| F|  |TAMS 0x0000000084500000, 0x0000000084500000| Untracked 
|  10|0x0000000084600000, 0x0000000084600000, 0x0000000084700000|  0%| F|  |TAMS 0x0000000084600000, 0x0000000084600000| Untracked 
|  11|0x0000000084700000, 0x0000000084700000, 0x0000000084800000|  0%| F|  |TAMS 0x0000000084700000, 0x0000000084700000| Untracked 
|  12|0x0000000084800000, 0x0000000084800000, 0x0000000084900000|  0%| F|  |TAMS 0x0000000084800000, 0x0000000084800000| Untracked 
|  13|0x0000000084900000, 0x0000000084900000, 0x0000000084a00000|  0%| F|  |TAMS 0x0000000084900000, 0x0000000084900000| Untracked 
|  14|0x0000000084a00000, 0x0000000084a00000, 0x0000000084b00000|  0%| F|  |TAMS 0x0000000084a00000, 0x0000000084a00000| Untracked 
|  15|0x0000000084b00000, 0x0000000084b00000, 0x0000000084c00000|  0%| F|  |TAMS 0x0000000084b00000, 0x0000000084b00000| Untracked 
|  16|0x0000000084c00000, 0x0000000084c00000, 0x0000000084d00000|  0%| F|  |TAMS 0x0000000084c00000, 0x0000000084c00000| Untracked 
|  17|0x0000000084d00000, 0x0000000084d00000, 0x0000000084e00000|  0%| F|  |TAMS 0x0000000084d00000, 0x0000000084d00000| Untracked 
|  18|0x0000000084e00000, 0x0000000084e00000, 0x0000000084f00000|  0%| F|  |TAMS 0x0000000084e00000, 0x0000000084e00000| Untracked 
|  19|0x0000000084f00000, 0x0000000084f00000, 0x0000000085000000|  0%| F|  |TAMS 0x0000000084f00000, 0x0000000084f00000| Untracked 
|  20|0x0000000085000000, 0x0000000085000000, 0x0000000085100000|  0%| F|  |TAMS 0x0000000085000000, 0x0000000085000000| Untracked 
|  21|0x0000000085100000, 0x0000000085100000, 0x0000000085200000|  0%| F|  |TAMS 0x0000000085100000, 0x0000000085100000| Untracked 
|  22|0x0000000085200000, 0x0000000085200000, 0x0000000085300000|  0%| F|  |TAMS 0x0000000085200000, 0x0000000085200000| Untracked 
|  23|0x0000000085300000, 0x0000000085300000, 0x0000000085400000|  0%| F|  |TAMS 0x0000000085300000, 0x0000000085300000| Untracked 
|  24|0x0000000085400000, 0x0000000085400000, 0x0000000085500000|  0%| F|  |TAMS 0x0000000085400000, 0x0000000085400000| Untracked 
|  25|0x0000000085500000, 0x0000000085500000, 0x0000000085600000|  0%| F|  |TAMS 0x0000000085500000, 0x0000000085500000| Untracked 
|  26|0x0000000085600000, 0x0000000085600000, 0x0000000085700000|  0%| F|  |TAMS 0x0000000085600000, 0x0000000085600000| Untracked 
|  27|0x0000000085700000, 0x0000000085700000, 0x0000000085800000|  0%| F|  |TAMS 0x0000000085700000, 0x0000000085700000| Untracked 
|  28|0x0000000085800000, 0x0000000085800000, 0x0000000085900000|  0%| F|  |TAMS 0x0000000085800000, 0x0000000085800000| Untracked 
|  29|0x0000000085900000, 0x0000000085900000, 0x0000000085a00000|  0%| F|  |TAMS 0x0000000085900000, 0x0000000085900000| Untracked 
|  30|0x0000000085a00000, 0x0000000085a00000, 0x0000000085b00000|  0%| F|  |TAMS 0x0000000085a00000, 0x0000000085a00000| Untracked 
|  31|0x0000000085b00000, 0x0000000085b00000, 0x0000000085c00000|  0%| F|  |TAMS 0x0000000085b00000, 0x0000000085b00000| Untracked 
|  32|0x0000000085c00000, 0x0000000085c00000, 0x0000000085d00000|  0%| F|  |TAMS 0x0000000085c00000, 0x0000000085c00000| Untracked 
|  33|0x0000000085d00000, 0x0000000085d00000, 0x0000000085e00000|  0%| F|  |TAMS 0x0000000085d00000, 0x0000000085d00000| Untracked 
|  34|0x0000000085e00000, 0x0000000085e00000, 0x0000000085f00000|  0%| F|  |TAMS 0x0000000085e00000, 0x0000000085e00000| Untracked 
|  35|0x0000000085f00000, 0x0000000085f00000, 0x0000000086000000|  0%| F|  |TAMS 0x0000000085f00000, 0x0000000085f00000| Untracked 
|  36|0x0000000086000000, 0x0000000086000000, 0x0000000086100000|  0%| F|  |TAMS 0x0000000086000000, 0x0000000086000000| Untracked 
|  37|0x0000000086100000, 0x0000000086100000, 0x0000000086200000|  0%| F|  |TAMS 0x0000000086100000, 0x0000000086100000| Untracked 
|  38|0x0000000086200000, 0x0000000086200000, 0x0000000086300000|  0%| F|  |TAMS 0x0000000086200000, 0x0000000086200000| Untracked 
|  39|0x0000000086300000, 0x0000000086300000, 0x0000000086400000|  0%| F|  |TAMS 0x0000000086300000, 0x0000000086300000| Untracked 
|  40|0x0000000086400000, 0x0000000086400000, 0x0000000086500000|  0%| F|  |TAMS 0x0000000086400000, 0x0000000086400000| Untracked 
|  41|0x0000000086500000, 0x0000000086500000, 0x0000000086600000|  0%| F|  |TAMS 0x0000000086500000, 0x0000000086500000| Untracked 
|  42|0x0000000086600000, 0x0000000086600000, 0x0000000086700000|  0%| F|  |TAMS 0x0000000086600000, 0x0000000086600000| Untracked 
|  43|0x0000000086700000, 0x0000000086700000, 0x0000000086800000|  0%| F|  |TAMS 0x0000000086700000, 0x0000000086700000| Untracked 
|  44|0x0000000086800000, 0x0000000086800000, 0x0000000086900000|  0%| F|  |TAMS 0x0000000086800000, 0x0000000086800000| Untracked 
|  45|0x0000000086900000, 0x0000000086900000, 0x0000000086a00000|  0%| F|  |TAMS 0x0000000086900000, 0x0000000086900000| Untracked 
|  46|0x0000000086a00000, 0x0000000086a00000, 0x0000000086b00000|  0%| F|  |TAMS 0x0000000086a00000, 0x0000000086a00000| Untracked 
|  47|0x0000000086b00000, 0x0000000086b00000, 0x0000000086c00000|  0%| F|  |TAMS 0x0000000086b00000, 0x0000000086b00000| Untracked 
|  48|0x0000000086c00000, 0x0000000086c00000, 0x0000000086d00000|  0%| F|  |TAMS 0x0000000086c00000, 0x0000000086c00000| Untracked 
|  49|0x0000000086d00000, 0x0000000086d00000, 0x0000000086e00000|  0%| F|  |TAMS 0x0000000086d00000, 0x0000000086d00000| Untracked 
|  50|0x0000000086e00000, 0x0000000086e00000, 0x0000000086f00000|  0%| F|  |TAMS 0x0000000086e00000, 0x0000000086e00000| Untracked 
|  51|0x0000000086f00000, 0x0000000086f00000, 0x0000000087000000|  0%| F|  |TAMS 0x0000000086f00000, 0x0000000086f00000| Untracked 
|  52|0x0000000087000000, 0x0000000087000000, 0x0000000087100000|  0%| F|  |TAMS 0x0000000087000000, 0x0000000087000000| Untracked 
|  53|0x0000000087100000, 0x0000000087100000, 0x0000000087200000|  0%| F|  |TAMS 0x0000000087100000, 0x0000000087100000| Untracked 
|  54|0x0000000087200000, 0x0000000087200000, 0x0000000087300000|  0%| F|  |TAMS 0x0000000087200000, 0x0000000087200000| Untracked 
|  55|0x0000000087300000, 0x0000000087300000, 0x0000000087400000|  0%| F|  |TAMS 0x0000000087300000, 0x0000000087300000| Untracked 
|  56|0x0000000087400000, 0x0000000087400000, 0x0000000087500000|  0%| F|  |TAMS 0x0000000087400000, 0x0000000087400000| Untracked 
|  57|0x0000000087500000, 0x0000000087500000, 0x0000000087600000|  0%| F|  |TAMS 0x0000000087500000, 0x0000000087500000| Untracked 
|  58|0x0000000087600000, 0x0000000087600000, 0x0000000087700000|  0%| F|  |TAMS 0x0000000087600000, 0x0000000087600000| Untracked 
|  59|0x0000000087700000, 0x0000000087700000, 0x0000000087800000|  0%| F|  |TAMS 0x0000000087700000, 0x0000000087700000| Untracked 
|  60|0x0000000087800000, 0x0000000087800000, 0x0000000087900000|  0%| F|  |TAMS 0x0000000087800000, 0x0000000087800000| Untracked 
|  61|0x0000000087900000, 0x0000000087900000, 0x0000000087a00000|  0%| F|  |TAMS 0x0000000087900000, 0x0000000087900000| Untracked 
|  62|0x0000000087a00000, 0x0000000087a00000, 0x0000000087b00000|  0%| F|  |TAMS 0x0000000087a00000, 0x0000000087a00000| Untracked 
|  63|0x0000000087b00000, 0x0000000087b00000, 0x0000000087c00000|  0%| F|  |TAMS 0x0000000087b00000, 0x0000000087b00000| Untracked 
|  64|0x0000000087c00000, 0x0000000087c00000, 0x0000000087d00000|  0%| F|  |TAMS 0x0000000087c00000, 0x0000000087c00000| Untracked 
|  65|0x0000000087d00000, 0x0000000087d00000, 0x0000000087e00000|  0%| F|  |TAMS 0x0000000087d00000, 0x0000000087d00000| Untracked 
|  66|0x0000000087e00000, 0x0000000087e00000, 0x0000000087f00000|  0%| F|  |TAMS 0x0000000087e00000, 0x0000000087e00000| Untracked 
|  67|0x0000000087f00000, 0x0000000087f00000, 0x0000000088000000|  0%| F|  |TAMS 0x0000000087f00000, 0x0000000087f00000| Untracked 
|  68|0x0000000088000000, 0x0000000088000000, 0x0000000088100000|  0%| F|  |TAMS 0x0000000088000000, 0x0000000088000000| Untracked 
|  69|0x0000000088100000, 0x0000000088100000, 0x0000000088200000|  0%| F|  |TAMS 0x0000000088100000, 0x0000000088100000| Untracked 
|  70|0x0000000088200000, 0x0000000088200000, 0x0000000088300000|  0%| F|  |TAMS 0x0000000088200000, 0x0000000088200000| Untracked 
|  71|0x0000000088300000, 0x0000000088300000, 0x0000000088400000|  0%| F|  |TAMS 0x0000000088300000, 0x0000000088300000| Untracked 
|  72|0x0000000088400000, 0x0000000088400000, 0x0000000088500000|  0%| F|  |TAMS 0x0000000088400000, 0x0000000088400000| Untracked 
|  73|0x0000000088500000, 0x0000000088500000, 0x0000000088600000|  0%| F|  |TAMS 0x0000000088500000, 0x0000000088500000| Untracked 
|  74|0x0000000088600000, 0x0000000088600000, 0x0000000088700000|  0%| F|  |TAMS 0x0000000088600000, 0x0000000088600000| Untracked 
|  75|0x0000000088700000, 0x0000000088700000, 0x0000000088800000|  0%| F|  |TAMS 0x0000000088700000, 0x0000000088700000| Untracked 
|  76|0x0000000088800000, 0x0000000088800000, 0x0000000088900000|  0%| F|  |TAMS 0x0000000088800000, 0x0000000088800000| Untracked 
|  77|0x0000000088900000, 0x0000000088900000, 0x0000000088a00000|  0%| F|  |TAMS 0x0000000088900000, 0x0000000088900000| Untracked 
|  78|0x0000000088a00000, 0x0000000088a00000, 0x0000000088b00000|  0%| F|  |TAMS 0x0000000088a00000, 0x0000000088a00000| Untracked 
|  79|0x0000000088b00000, 0x0000000088b00000, 0x0000000088c00000|  0%| F|  |TAMS 0x0000000088b00000, 0x0000000088b00000| Untracked 
|  80|0x0000000088c00000, 0x0000000088c00000, 0x0000000088d00000|  0%| F|  |TAMS 0x0000000088c00000, 0x0000000088c00000| Untracked 
|  81|0x0000000088d00000, 0x0000000088d00000, 0x0000000088e00000|  0%| F|  |TAMS 0x0000000088d00000, 0x0000000088d00000| Untracked 
|  82|0x0000000088e00000, 0x0000000088e00000, 0x0000000088f00000|  0%| F|  |TAMS 0x0000000088e00000, 0x0000000088e00000| Untracked 
|  83|0x0000000088f00000, 0x0000000088f00000, 0x0000000089000000|  0%| F|  |TAMS 0x0000000088f00000, 0x0000000088f00000| Untracked 
|  84|0x0000000089000000, 0x0000000089000000, 0x0000000089100000|  0%| F|  |TAMS 0x0000000089000000, 0x0000000089000000| Untracked 
|  85|0x0000000089100000, 0x0000000089100000, 0x0000000089200000|  0%| F|  |TAMS 0x0000000089100000, 0x0000000089100000| Untracked 
|  86|0x0000000089200000, 0x0000000089200000, 0x0000000089300000|  0%| F|  |TAMS 0x0000000089200000, 0x0000000089200000| Untracked 
|  87|0x0000000089300000, 0x0000000089300000, 0x0000000089400000|  0%| F|  |TAMS 0x0000000089300000, 0x0000000089300000| Untracked 
|  88|0x0000000089400000, 0x0000000089400000, 0x0000000089500000|  0%| F|  |TAMS 0x0000000089400000, 0x0000000089400000| Untracked 
|  89|0x0000000089500000, 0x0000000089500000, 0x0000000089600000|  0%| F|  |TAMS 0x0000000089500000, 0x0000000089500000| Untracked 
|  90|0x0000000089600000, 0x0000000089600000, 0x0000000089700000|  0%| F|  |TAMS 0x0000000089600000, 0x0000000089600000| Untracked 
|  91|0x0000000089700000, 0x0000000089700000, 0x0000000089800000|  0%| F|  |TAMS 0x0000000089700000, 0x0000000089700000| Untracked 
|  92|0x0000000089800000, 0x0000000089800000, 0x0000000089900000|  0%| F|  |TAMS 0x0000000089800000, 0x0000000089800000| Untracked 
|  93|0x0000000089900000, 0x0000000089900000, 0x0000000089a00000|  0%| F|  |TAMS 0x0000000089900000, 0x0000000089900000| Untracked 
|  94|0x0000000089a00000, 0x0000000089a00000, 0x0000000089b00000|  0%| F|  |TAMS 0x0000000089a00000, 0x0000000089a00000| Untracked 
|  95|0x0000000089b00000, 0x0000000089b00000, 0x0000000089c00000|  0%| F|  |TAMS 0x0000000089b00000, 0x0000000089b00000| Untracked 
|  96|0x0000000089c00000, 0x0000000089c00000, 0x0000000089d00000|  0%| F|  |TAMS 0x0000000089c00000, 0x0000000089c00000| Untracked 
|  97|0x0000000089d00000, 0x0000000089d00000, 0x0000000089e00000|  0%| F|  |TAMS 0x0000000089d00000, 0x0000000089d00000| Untracked 
|  98|0x0000000089e00000, 0x0000000089e00000, 0x0000000089f00000|  0%| F|  |TAMS 0x0000000089e00000, 0x0000000089e00000| Untracked 
|  99|0x0000000089f00000, 0x0000000089f00000, 0x000000008a000000|  0%| F|  |TAMS 0x0000000089f00000, 0x0000000089f00000| Untracked 
| 100|0x000000008a000000, 0x000000008a000000, 0x000000008a100000|  0%| F|  |TAMS 0x000000008a000000, 0x000000008a000000| Untracked 
| 101|0x000000008a100000, 0x000000008a100000, 0x000000008a200000|  0%| F|  |TAMS 0x000000008a100000, 0x000000008a100000| Untracked 
| 102|0x000000008a200000, 0x000000008a200000, 0x000000008a300000|  0%| F|  |TAMS 0x000000008a200000, 0x000000008a200000| Untracked 
| 103|0x000000008a300000, 0x000000008a300000, 0x000000008a400000|  0%| F|  |TAMS 0x000000008a300000, 0x000000008a300000| Untracked 
| 104|0x000000008a400000, 0x000000008a400000, 0x000000008a500000|  0%| F|  |TAMS 0x000000008a400000, 0x000000008a400000| Untracked 
| 105|0x000000008a500000, 0x000000008a500000, 0x000000008a600000|  0%| F|  |TAMS 0x000000008a500000, 0x000000008a500000| Untracked 
| 106|0x000000008a600000, 0x000000008a600000, 0x000000008a700000|  0%| F|  |TAMS 0x000000008a600000, 0x000000008a600000| Untracked 
| 107|0x000000008a700000, 0x000000008a700000, 0x000000008a800000|  0%| F|  |TAMS 0x000000008a700000, 0x000000008a700000| Untracked 
| 108|0x000000008a800000, 0x000000008a800000, 0x000000008a900000|  0%| F|  |TAMS 0x000000008a800000, 0x000000008a800000| Untracked 
| 109|0x000000008a900000, 0x000000008a900000, 0x000000008aa00000|  0%| F|  |TAMS 0x000000008a900000, 0x000000008a900000| Untracked 
| 110|0x000000008aa00000, 0x000000008aa00000, 0x000000008ab00000|  0%| F|  |TAMS 0x000000008aa00000, 0x000000008aa00000| Untracked 
| 111|0x000000008ab00000, 0x000000008ab00000, 0x000000008ac00000|  0%| F|  |TAMS 0x000000008ab00000, 0x000000008ab00000| Untracked 
| 112|0x000000008ac00000, 0x000000008ac00000, 0x000000008ad00000|  0%| F|  |TAMS 0x000000008ac00000, 0x000000008ac00000| Untracked 
| 113|0x000000008ad00000, 0x000000008ad00000, 0x000000008ae00000|  0%| F|  |TAMS 0x000000008ad00000, 0x000000008ad00000| Untracked 
| 114|0x000000008ae00000, 0x000000008ae00000, 0x000000008af00000|  0%| F|  |TAMS 0x000000008ae00000, 0x000000008ae00000| Untracked 
| 115|0x000000008af00000, 0x000000008af00000, 0x000000008b000000|  0%| F|  |TAMS 0x000000008af00000, 0x000000008af00000| Untracked 
| 116|0x000000008b000000, 0x000000008b0ce678, 0x000000008b100000| 80%| E|  |TAMS 0x000000008b000000, 0x000000008b000000| Complete 
| 117|0x000000008b100000, 0x000000008b200000, 0x000000008b200000|100%| E|CS|TAMS 0x000000008b100000, 0x000000008b100000| Complete 
| 118|0x000000008b200000, 0x000000008b300000, 0x000000008b300000|100%| E|CS|TAMS 0x000000008b200000, 0x000000008b200000| Complete 
| 119|0x000000008b300000, 0x000000008b400000, 0x000000008b400000|100%| E|CS|TAMS 0x000000008b300000, 0x000000008b300000| Complete 
| 120|0x000000008b400000, 0x000000008b500000, 0x000000008b500000|100%| E|CS|TAMS 0x000000008b400000, 0x000000008b400000| Complete 
| 121|0x000000008b500000, 0x000000008b600000, 0x000000008b600000|100%| E|CS|TAMS 0x000000008b500000, 0x000000008b500000| Complete 
| 122|0x000000008b600000, 0x000000008b700000, 0x000000008b700000|100%| E|CS|TAMS 0x000000008b600000, 0x000000008b600000| Complete 
| 123|0x000000008b700000, 0x000000008b800000, 0x000000008b800000|100%| E|CS|TAMS 0x000000008b700000, 0x000000008b700000| Complete 
| 124|0x000000008b800000, 0x000000008b900000, 0x000000008b900000|100%| E|CS|TAMS 0x000000008b800000, 0x000000008b800000| Complete 
| 125|0x000000008b900000, 0x000000008ba00000, 0x000000008ba00000|100%| E|CS|TAMS 0x000000008b900000, 0x000000008b900000| Complete 

Card table byte_map: [0x00000191fda00000,0x00000191fddf0000] _byte_map_base: 0x00000191fd5e2000

Marking Bits (Prev, Next): (CMBitMap*) 0x00000191e6d4e100, (CMBitMap*) 0x00000191e6d4e140
 Prev Bits: [0x0000019180000000, 0x0000019181f10000)
 Next Bits: [0x0000019181f10000, 0x0000019183e20000)

Polling page: 0x00000191e64b0000

Metaspace:

Usage:
  Non-class:      2.52 MB used.
      Class:    303.12 KB used.
       Both:      2.81 MB used.

Virtual space:
  Non-class space:       64.00 MB reserved,       2.56 MB (  4%) committed,  1 nodes.
      Class space:        1.00 GB reserved,     384.00 KB ( <1%) committed,  1 nodes.
             Both:        1.06 GB reserved,       2.94 MB ( <1%) committed. 

Chunk freelists:
   Non-Class:  2.44 MB
       Class:  3.53 MB
        Both:  5.97 MB

MaxMetaspaceSize: unlimited
CompressedClassSpaceSize: 1.00 GB
Initial GC threshold: 21.00 MB
Current GC threshold: 21.00 MB
CDS: on
MetaspaceReclaimPolicy: balanced
 - commit_granule_bytes: 65536.
 - commit_granule_words: 8192.
 - virtual_space_node_default_size: 8388608.
 - enlarge_chunks_in_place: 1.
 - new_chunks_are_fully_committed: 0.
 - uncommit_free_chunks: 1.
 - use_allocation_guard: 0.


Internal statistics:

num_allocs_failed_limit: 0.
num_arena_births: 72.
num_arena_deaths: 0.
num_vsnodes_births: 2.
num_vsnodes_deaths: 0.
num_space_committed: 47.
num_space_uncommitted: 0.
num_chunks_returned_to_freelist: 0.
num_chunks_taken_from_freelist: 157.
num_chunk_merges: 0.
num_chunk_splits: 105.
num_chunks_enlarged: 75.
num_inconsistent_stats: 0.

CodeHeap 'non-profiled nmethods': size=120000Kb used=151Kb max_used=151Kb free=119848Kb
 bounds [0x00000191f60e0000, 0x00000191f6350000, 0x00000191fd610000]
CodeHeap 'profiled nmethods': size=120000Kb used=601Kb max_used=601Kb free=119398Kb
 bounds [0x00000191eebb0000, 0x00000191eee20000, 0x00000191f60e0000]
CodeHeap 'non-nmethods': size=5760Kb used=1149Kb max_used=1150Kb free=4610Kb
 bounds [0x00000191ee610000, 0x00000191ee880000, 0x00000191eebb0000]
 total_blobs=864 nmethods=452 adapters=325
 compilation: enabled
              stopped_count=0, restarted_count=0
 full_count=0

Compilation events (20 events):
Event: 2.136 Thread 0x00000191fe6ab9a0 nmethod 417 0x00000191eec44090 code [0x00000191eec44240, 0x00000191eec44498]
Event: 2.136 Thread 0x00000191fe6ab9a0  418       3       jdk.internal.loader.URLClassPath$JarLoader::findResource (18 bytes)
Event: 2.136 Thread 0x00000191fe6ab9a0 nmethod 418 0x00000191eec44590 code [0x00000191eec44740, 0x00000191eec449b8]
Event: 2.137 Thread 0x00000191fe6ab9a0  419       3       java.util.Properties::getProperty (50 bytes)
Event: 2.137 Thread 0x00000191fe6ab9a0 nmethod 419 0x00000191eec44a90 code [0x00000191eec44c60, 0x00000191eec450f8]
Event: 2.137 Thread 0x00000191fe6ab9a0  420       3       sun.net.www.ParseUtil::encodePath (41 bytes)
Event: 2.137 Thread 0x00000191fe6ab9a0 nmethod 420 0x00000191eec45290 code [0x00000191eec45460, 0x00000191eec456c8]
Event: 2.137 Thread 0x00000191fe684c80  421 %     4       java.lang.StringLatin1::indexOf @ 30 (121 bytes)
Event: 2.138 Thread 0x00000191fe6ab9a0  423   !   3       java.util.zip.ZipFile$ZipFileInputStream::close (59 bytes)
Event: 2.138 Thread 0x00000191fe6ab9a0 nmethod 423 0x00000191eec45790 code [0x00000191eec45940, 0x00000191eec45ca8]
Event: 2.138 Thread 0x00000191fe6ab9a0  422       1       java.nio.HeapByteBuffer::isDirect (2 bytes)
Event: 2.138 Thread 0x00000191fe6ab9a0 nmethod 422 0x00000191f6100310 code [0x00000191f61004a0, 0x00000191f6100578]
Event: 2.139 Thread 0x00000191fe6ab9a0  424       3       java.util.zip.ZipUtils::CENSIZ (9 bytes)
Event: 2.139 Thread 0x00000191fe6ab9a0 nmethod 424 0x00000191eec45e90 code [0x00000191eec46040, 0x00000191eec46318]
Event: 2.139 Thread 0x00000191fe6ab9a0  425       1       java.lang.NamedPackage::module (5 bytes)
Event: 2.139 Thread 0x00000191fe6ab9a0 nmethod 425 0x00000191f6100610 code [0x00000191f61007a0, 0x00000191f6100878]
Event: 2.139 Thread 0x00000191fe6ab9a0  426       1       java.util.zip.ZipEntry::getSize (5 bytes)
Event: 2.139 Thread 0x00000191fe6ab9a0 nmethod 426 0x00000191f6100910 code [0x00000191f6100aa0, 0x00000191f6100b78]
Event: 2.139 Thread 0x000001918a1eb770  427       4       java.lang.String::startsWith (138 bytes)
Event: 2.139 Thread 0x00000191fe6ab9a0  429   !   3       java.net.URL::<init> (543 bytes)

GC Heap History (0 events):
No events

Deoptimization events (2 events):
Event: 2.082 Thread 0x00000191e6cedd40 DEOPT PACKING pc=0x00000191eebebce8 sp=0x00000090812fd8f0
Event: 2.082 Thread 0x00000191e6cedd40 DEOPT UNPACKING pc=0x00000191ee666763 sp=0x00000090812fcd80 mode 0

Classes loaded (20 events):
Event: 2.205 Loading class sun/reflect/annotation/AnnotationType$1 done
Event: 2.205 Loading class java/lang/annotation/Retention
Event: 2.205 Loading class java/lang/annotation/Retention done
Event: 2.205 Loading class java/lang/annotation/Inherited
Event: 2.205 Loading class java/lang/annotation/Inherited done
Event: 2.205 Loading class java/lang/annotation/Documented
Event: 2.205 Loading class java/lang/annotation/Documented done
Event: 2.205 Loading class java/lang/annotation/Target
Event: 2.205 Loading class java/lang/annotation/Target done
Event: 2.205 Loading class java/lang/annotation/RetentionPolicy
Event: 2.205 Loading class java/lang/annotation/RetentionPolicy done
Event: 2.206 Loading class sun/reflect/annotation/AnnotationTypeMismatchExceptionProxy
Event: 2.206 Loading class sun/reflect/annotation/ExceptionProxy
Event: 2.206 Loading class sun/reflect/annotation/ExceptionProxy done
Event: 2.206 Loading class sun/reflect/annotation/AnnotationTypeMismatchExceptionProxy done
Event: 2.206 Loading class sun/reflect/annotation/AnnotationParser$1
Event: 2.206 Loading class sun/reflect/annotation/AnnotationParser$1 done
Event: 2.206 Loading class sun/reflect/annotation/AnnotationInvocationHandler
Event: 2.206 Loading class sun/reflect/annotation/AnnotationInvocationHandler done
Event: 2.206 Loading class java/lang/reflect/Proxy

Classes unloaded (0 events):
No events

Classes redefined (0 events):
No events

Internal exceptions (4 events):
Event: 2.107 Thread 0x00000191e6cedd40 Exception <a 'java/lang/NoSuchMethodError'{0x000000008b5b3580}: 'java.lang.ClassLoader java.lang.Class.getClassLoader(java.lang.Class)'> (0x000000008b5b3580) 
thrown [t:\workspace\open\src\hotspot\share\interpreter\linkResolver.cpp, line 766]
Event: 2.108 Thread 0x00000191e6cedd40 Exception <a 'java/lang/NoSuchMethodError'{0x000000008b5beb40}: 'java.lang.Object java.lang.invoke.DirectMethodHandle$Holder.invokeStatic(java.lang.Object, java.lang.Object, int)'> (0x000000008b5beb40) 
thrown [t:\workspace\open\src\hotspot\share\interpreter\linkResolver.cpp, line 766]
Event: 2.108 Thread 0x00000191e6cedd40 Exception <a 'java/lang/NoSuchMethodError'{0x000000008b5ca928}: 'void java.lang.invoke.DelegatingMethodHandle$Holder.delegate(java.lang.Object, java.lang.Object, int, java.lang.Object)'> (0x000000008b5ca928) 
thrown [t:\workspace\open\src\hotspot\share\interpreter\linkResolver.cpp, line 766]
Event: 2.109 Thread 0x00000191e6cedd40 Exception <a 'java/lang/NoSuchMethodError'{0x000000008b5ceb70}: 'int java.lang.invoke.DirectMethodHandle$Holder.invokeSpecial(java.lang.Object, java.lang.Object, java.lang.Object)'> (0x000000008b5ceb70) 
thrown [t:\workspace\open\src\hotspot\share\interpreter\linkResolver.cpp, line 766]

VM Operations (6 events):
Event: 1.022 Executing VM operation: Cleanup
Event: 1.022 Executing VM operation: Cleanup done
Event: 2.065 Executing VM operation: HandshakeAllThreads
Event: 2.065 Executing VM operation: HandshakeAllThreads done
Event: 2.065 Executing VM operation: Cleanup
Event: 2.065 Executing VM operation: Cleanup done

Events (20 events):
Event: 0.012 Loaded shared library C:\Program Files\Java\jdk-18\bin\java.dll
Event: 0.020 Loaded shared library C:\Program Files\Java\jdk-18\bin\jsvml.dll
Event: 0.020 Thread 0x00000191e6cedd40 Thread added: 0x00000191e6cedd40
Event: 0.022 Thread 0x00000191fe65d390 Thread added: 0x00000191fe65d390
Event: 0.022 Thread 0x00000191fe65ed40 Thread added: 0x00000191fe65ed40
Event: 0.061 Thread 0x00000191fe677ca0 Thread added: 0x00000191fe677ca0
Event: 0.061 Thread 0x00000191fe678640 Thread added: 0x00000191fe678640
Event: 0.061 Thread 0x00000191fe678fe0 Thread added: 0x00000191fe678fe0
Event: 0.061 Thread 0x00000191fe679f90 Thread added: 0x00000191fe679f90
Event: 0.061 Thread 0x00000191fe684c80 Thread added: 0x00000191fe684c80
Event: 0.062 Thread 0x00000191fe6ab9a0 Thread added: 0x00000191fe6ab9a0
Event: 0.062 Thread 0x00000191fe6b7390 Thread added: 0x00000191fe6b7390
Event: 0.086 Thread 0x000001918a0bd890 Thread added: 0x000001918a0bd890
Event: 0.088 Thread 0x000001918a0bf990 Thread added: 0x000001918a0bf990
Event: 0.089 Loaded shared library C:\Program Files\Java\jdk-18\bin\verify.dll
Event: 0.102 Loaded shared library C:\Program Files\Java\jdk-18\bin\jimage.dll
Event: 2.055 Loaded shared library C:\Program Files\Java\jdk-18\bin\net.dll
Event: 2.056 Loaded shared library C:\Program Files\Java\jdk-18\bin\nio.dll
Event: 2.060 Loaded shared library C:\Program Files\Java\jdk-18\bin\zip.dll
Event: 2.079 Thread 0x000001918a1eb770 Thread added: 0x000001918a1eb770


Dynamic libraries:
0x00007ff738ac0000 - 0x00007ff738ad0000 	C:\Program Files\Java\jdk-18\bin\javaw.exe
0x00007ff8884d0000 - 0x00007ff8886e4000 	C:\WINDOWS\SYSTEM32\ntdll.dll
0x00007ff887e80000 - 0x00007ff887f42000 	C:\WINDOWS\System32\KERNEL32.DLL
0x00007ff885c80000 - 0x00007ff88601c000 	C:\WINDOWS\System32\KERNELBASE.dll
0x00007ff886190000 - 0x00007ff8862a1000 	C:\WINDOWS\System32\ucrtbase.dll
0x00007ff851700000 - 0x00007ff851718000 	C:\Program Files\Java\jdk-18\bin\jli.dll
0x00007ff87d5f0000 - 0x00007ff87d60a000 	C:\Program Files\Java\jdk-18\bin\VCRUNTIME140.dll
0x00007ff888380000 - 0x00007ff88842e000 	C:\WINDOWS\System32\ADVAPI32.dll
0x00007ff8864e0000 - 0x00007ff886587000 	C:\WINDOWS\System32\msvcrt.dll
0x00007ff886390000 - 0x00007ff886434000 	C:\WINDOWS\System32\sechost.dll
0x00007ff888260000 - 0x00007ff888377000 	C:\WINDOWS\System32\RPCRT4.dll
0x00007ff887210000 - 0x00007ff8873bb000 	C:\WINDOWS\System32\USER32.dll
0x00007ff8862b0000 - 0x00007ff8862d6000 	C:\WINDOWS\System32\win32u.dll
0x00007ff887f50000 - 0x00007ff887f79000 	C:\WINDOWS\System32\GDI32.dll
0x00007ff885910000 - 0x00007ff885a23000 	C:\WINDOWS\System32\gdi32full.dll
0x00007ff867690000 - 0x00007ff86791e000 	C:\WINDOWS\WinSxS\amd64_microsoft.windows.common-controls_6595b64144ccf1df_6.0.22621.608_none_a9444ca7c10bb01d\COMCTL32.dll
0x00007ff885a30000 - 0x00007ff885aca000 	C:\WINDOWS\System32\msvcp_win.dll
0x00007ff879030000 - 0x00007ff87903a000 	C:\WINDOWS\SYSTEM32\VERSION.dll
0x00007ff8873c0000 - 0x00007ff8873f1000 	C:\WINDOWS\System32\IMM32.DLL
0x00007ff87e0d0000 - 0x00007ff87e0dc000 	C:\Program Files\Java\jdk-18\bin\vcruntime140_1.dll
0x00007ff8764c0000 - 0x00007ff87654d000 	C:\Program Files\Java\jdk-18\bin\msvcp140.dll
0x00007ff808cc0000 - 0x00007ff8098d1000 	C:\Program Files\Java\jdk-18\bin\server\jvm.dll
0x00007ff8864d0000 - 0x00007ff8864d8000 	C:\WINDOWS\System32\PSAPI.DLL
0x00007ff863210000 - 0x00007ff863244000 	C:\WINDOWS\SYSTEM32\WINMM.dll
0x00007ff87add0000 - 0x00007ff87add9000 	C:\WINDOWS\SYSTEM32\WSOCK32.dll
0x00007ff888190000 - 0x00007ff888201000 	C:\WINDOWS\System32\WS2_32.dll
0x00007ff884960000 - 0x00007ff884978000 	C:\WINDOWS\SYSTEM32\kernel.appcore.dll
0x00007ff869100000 - 0x00007ff86910a000 	C:\Program Files\Java\jdk-18\bin\jimage.dll
0x00007ff8834d0000 - 0x00007ff8836fe000 	C:\WINDOWS\SYSTEM32\DBGHELP.DLL
0x00007ff886590000 - 0x00007ff886919000 	C:\WINDOWS\System32\combase.dll
0x00007ff887880000 - 0x00007ff887957000 	C:\WINDOWS\System32\OLEAUT32.dll
0x00007ff863490000 - 0x00007ff8634c2000 	C:\WINDOWS\SYSTEM32\dbgcore.DLL
0x00007ff885b40000 - 0x00007ff885bbb000 	C:\WINDOWS\System32\bcryptPrimitives.dll
0x00007ff8516d0000 - 0x00007ff8516f5000 	C:\Program Files\Java\jdk-18\bin\java.dll
0x00007ff8410c0000 - 0x00007ff841196000 	C:\Program Files\Java\jdk-18\bin\jsvml.dll
0x00007ff886920000 - 0x00007ff887110000 	C:\WINDOWS\System32\SHELL32.dll
0x00007ff883920000 - 0x00007ff8841ed000 	C:\WINDOWS\SYSTEM32\windows.storage.dll
0x00007ff8837e0000 - 0x00007ff88391e000 	C:\WINDOWS\SYSTEM32\wintypes.dll
0x00007ff887d80000 - 0x00007ff887e71000 	C:\WINDOWS\System32\SHCORE.dll
0x00007ff8880b0000 - 0x00007ff88810e000 	C:\WINDOWS\System32\shlwapi.dll
0x00007ff885840000 - 0x00007ff885861000 	C:\WINDOWS\SYSTEM32\profapi.dll
0x00007ff863990000 - 0x00007ff8639a0000 	C:\Program Files\Java\jdk-18\bin\verify.dll
0x00007ff851650000 - 0x00007ff851663000 	C:\Program Files\Java\jdk-18\bin\net.dll
0x00007ff879bc0000 - 0x00007ff879cf7000 	C:\WINDOWS\SYSTEM32\WINHTTP.dll
0x00007ff884dd0000 - 0x00007ff884e39000 	C:\WINDOWS\system32\mswsock.dll
0x00007ff850020000 - 0x00007ff850036000 	C:\Program Files\Java\jdk-18\bin\nio.dll
0x00007ff8516b0000 - 0x00007ff8516c8000 	C:\Program Files\Java\jdk-18\bin\zip.dll

dbghelp: loaded successfully - version: 4.0.5 - missing functions: none
symbol engine: initialized successfully - sym options: 0x614 - pdb path: .;C:\Program Files\Java\jdk-18\bin;C:\WINDOWS\SYSTEM32;C:\WINDOWS\WinSxS\amd64_microsoft.windows.common-controls_6595b64144ccf1df_6.0.22621.608_none_a9444ca7c10bb01d;C:\Program Files\Java\jdk-18\bin\server

VM Arguments:
jvm_args: -Dfile.encoding=UTF-8 -XX:+ShowCodeDetailsInExceptionMessages 
java_command: com.app.App
java_class_path (initial): C:\Users\SHAIKH USMAN\eclipse-workspace\Hibernate_3rdProject\target\classes;C:\Users\SHAIKH USMAN\.m2\repository\com\mysql\mysql-connector-j\8.0.32\mysql-connector-j-8.0.32.jar;C:\Users\SHAIKH USMAN\.m2\repository\com\google\protobuf\protobuf-java\3.21.9\protobuf-java-3.21.9.jar;C:\Users\SHAIKH USMAN\.m2\repository\org\hibernate\hibernate-core\5.6.14.Final\hibernate-core-5.6.14.Final.jar;C:\Users\SHAIKH USMAN\.m2\repository\org\jboss\logging\jboss-logging\3.4.3.Final\jboss-logging-3.4.3.Final.jar;C:\Users\SHAIKH USMAN\.m2\repository\javax\persistence\javax.persistence-api\2.2\javax.persistence-api-2.2.jar;C:\Users\SHAIKH USMAN\.m2\repository\net\bytebuddy\byte-buddy\1.12.18\byte-buddy-1.12.18.jar;C:\Users\SHAIKH USMAN\.m2\repository\antlr\antlr\2.7.7\antlr-2.7.7.jar;C:\Users\SHAIKH USMAN\.m2\repository\org\jboss\spec\javax\transaction\jboss-transaction-api_1.2_spec\1.1.1.Final\jboss-transaction-api_1.2_spec-1.1.1.Final.jar;C:\Users\SHAIKH USMAN\.m2\repository\org\jboss\jandex\2.4.2.Final\jandex-2.4.2.Final.jar;C:\Users\SHAIKH USMAN\.m2\repository\com\fasterxml\classmate\1.5.1\classmate-1.5.1.jar;C:\Users\SHAIKH USMAN\.m2\repository\javax\activation\javax.activation-api\1.2.0\javax.activation-api-1.2.0.jar;C:\Users\SHAIKH USMAN\.m2\repository\org\hibernate\common\hibernate-commons-annotations\5.1.2.Final\hibernate-commons-annotations-5.1.2.Final.jar;C:\Users\SHAIKH USMAN\.m2\repository\javax\xml\bind\jaxb-api\2.3.1\jaxb-api-2.3.1.jar;C:\Users\SHAIKH USMAN\.m2\repository\org\glassfish\jaxb\jaxb-runtime\2.3.1\jaxb-runtime-2.3.1.jar;C:\Users\SHAIKH USMAN\.m2\repository\org\glassfish\jaxb\txw2\2.3.1\txw2-2.3.1.jar;C:\Users\SHAIKH USMAN\.m2\repository\com\sun\istack\istack-commons-runtime\3.0.7\istack-commons-runtime-3.0.7.jar;C:\Users\SHAIKH USMAN\.m2\repository\org\jvnet\staxex\stax-ex\1.8\stax-ex-1.8.jar;C:\Users\SHAIKH USMAN\.m2\repository\com\sun\xml\fastinfoset\FastInfoset\1.2.15\FastInfoset-1.2.15.jar;C:\Users\SHAIKH USMAN\.m2\repository\org\projectlombok\lombok\1.18.24\lombok-1.18.24.jar
Launcher Type: SUN_STANDARD

[Global flags]
     intx CICompilerCount                          = 3                                         {product} {ergonomic}
     uint ConcGCThreads                            = 1                                         {product} {ergonomic}
     uint G1ConcRefinementThreads                  = 4                                         {product} {ergonomic}
   size_t G1HeapRegionSize                         = 1048576                                   {product} {ergonomic}
    uintx GCDrainStackTargetSize                   = 64                                        {product} {ergonomic}
   size_t InitialHeapSize                          = 132120576                                 {product} {ergonomic}
   size_t MarkStackSize                            = 4194304                                   {product} {ergonomic}
   size_t MaxHeapSize                              = 2084569088                                {product} {ergonomic}
   size_t MaxNewSize                               = 1249902592                                {product} {ergonomic}
   size_t MinHeapDeltaBytes                        = 1048576                                   {product} {ergonomic}
   size_t MinHeapSize                              = 8388608                                   {product} {ergonomic}
    uintx NonNMethodCodeHeapSize                   = 5832780                                {pd product} {ergonomic}
    uintx NonProfiledCodeHeapSize                  = 122912730                              {pd product} {ergonomic}
    uintx ProfiledCodeHeapSize                     = 122912730                              {pd product} {ergonomic}
    uintx ReservedCodeCacheSize                    = 251658240                              {pd product} {ergonomic}
     bool SegmentedCodeCache                       = true                                      {product} {ergonomic}
     bool ShowCodeDetailsInExceptionMessages       = true                                   {manageable} {command line}
   size_t SoftMaxHeapSize                          = 2084569088                             {manageable} {ergonomic}
     bool UseCompressedClassPointers               = true                           {product lp64_product} {ergonomic}
     bool UseCompressedOops                        = true                           {product lp64_product} {ergonomic}
     bool UseG1GC                                  = true                                      {product} {ergonomic}
     bool UseLargePagesIndividualAllocation        = false                                  {pd product} {ergonomic}

Logging:
Log output configuration:
 #0: stdout all=warning uptime,level,tags foldmultilines=false
 #1: stderr all=off uptime,level,tags foldmultilines=false

Environment Variables:
JAVA_HOME=C:\Program Files\Java\jdk-18
PATH=C:/Program Files/Java/jdk-18/bin/server;C:/Program Files/Java/jdk-18/bin;C:\apache-maven-3.9.1-bin\apache-maven-3.9.1\bin;C:\Program Files\Java\jdk-18\bin;C:\Program Files\MySQL\MySQL Shell 8.0\bin\;C:\Users\SHAIKH USMAN\AppData\Local\Programs\Python\Python310\Scripts;C:\Users\SHAIKH USMAN\AppData\Local\Programs\Python\Python310;C:\Program Files\JetBrains\PyCharm Community Edition 2021.2.3\bin;;C:\Users\SHAIKH USMAN\AppData\Local\Microsoft\WindowsApps;C:\Users\SHAIKH USMAN\AppData\Roaming\npm;C:\Users\SHAIKH USMAN\AppData\Local\GitHubDesktop\bin;C:\Users\SHAIKH USMAN\AppData\Local\Programs\Microsoft VS Code\bin;C:\WINDOWS\System32;
USERNAME=SHAIKH USMAN
OS=Windows_NT
PROCESSOR_IDENTIFIER=Intel64 Family 6 Model 140 Stepping 1, GenuineIntel



---------------  S Y S T E M  ---------------

OS:
 Windows 11 , 64 bit Build 22621 (10.0.22621.1485)
OS uptime: 8 days 14:22 hours

CPU: total 4 (initial active 4) (2 cores per cpu, 2 threads per core) family 6 model 140 stepping 1 microcode 0xa4, cx8, cmov, fxsr, ht, mmx, 3dnowpref, sse, sse2, sse3, ssse3, sse4.1, sse4.2, popcnt, lzcnt, tsc, tscinvbit, avx, avx2, aes, erms, clmul, bmi1, bmi2, adx, avx512f, avx512dq, avx512cd, avx512bw, avx512vl, sha, fma, vzeroupper, avx512_vpopcntdq, avx512_vpclmulqdq, avx512_vaes, avx512_vnni, clflush, clflushopt, clwb, avx512_vbmi2, avx512_vbmi

Memory: 4k page, system-wide physical 7948M (2144M free)
TotalPageFile size 32524M (AvailPageFile size 2M)
current process WorkingSet (physical memory assigned to process): 50M, peak: 50M
current process commit charge ("private bytes"): 206M, peak: 206M

vm_info: Java HotSpot(TM) 64-Bit Server VM (18+36-2087) for windows-amd64 JRE (18+36-2087), built on Feb 15 2022 09:43:11 by "mach5one" with MS VC++ 16.8 / 16.9 (VS2019)

END.
